0 verbose cli /usr/local/bin/node /usr/local/bin/npm
1 info using npm@10.9.2
2 info using node@v22.17.0
3 silly config load:file:/usr/local/lib/node_modules/npm/npmrc
4 silly config load:file:/Users/juan_oclock/Documents/ios-mobile/kansyl-landing/.npmrc
5 silly config load:file:/Users/juan_oclock/.npmrc
6 silly config load:file:/usr/local/etc/npmrc
7 verbose title npm install framer-motion class-variance-authority clsx tailwind-merge sonner lucide-react @radix-ui/react-accordion @radix-ui/react-tabs @radix-ui/react-dialog @radix-ui/react-slot tailwindcss-animate
8 verbose argv "install" "framer-motion" "class-variance-authority" "clsx" "tailwind-merge" "sonner" "lucide-react" "@radix-ui/react-accordion" "@radix-ui/react-tabs" "@radix-ui/react-dialog" "@radix-ui/react-slot" "tailwindcss-animate" "--cache" ".npm-cache"
9 verbose logfile logs-max:10 dir:/Users/juan_oclock/Documents/ios-mobile/kansyl-landing/.npm-cache/_logs/2025-09-20T05_23_46_429Z-
10 verbose logfile /Users/juan_oclock/Documents/ios-mobile/kansyl-landing/.npm-cache/_logs/2025-09-20T05_23_46_429Z-debug-0.log
11 silly logfile done cleaning log files
12 silly packumentCache heap:4345298944 maxSize:1086324736 maxEntrySize:543162368
13 silly idealTree buildDeps
14 silly fetch manifest framer-motion@*
15 silly packumentCache full:https://registry.npmjs.org/framer-motion cache-miss
16 http fetch GET 200 https://registry.npmjs.org/framer-motion 2514ms (cache miss)
17 silly packumentCache full:https://registry.npmjs.org/framer-motion set size:undefined disposed:false
18 silly fetch manifest @emotion/is-prop-valid@*
19 silly packumentCache full:https://registry.npmjs.org/@emotion%2fis-prop-valid cache-miss
20 http fetch GET 200 https://registry.npmjs.org/@emotion%2fis-prop-valid 253ms (cache miss)
21 silly packumentCache full:https://registry.npmjs.org/@emotion%2fis-prop-valid set size:undefined disposed:false
22 silly fetch manifest react@19.1.0
23 silly packumentCache full:https://registry.npmjs.org/react cache-miss
24 http fetch GET 200 https://registry.npmjs.org/react 233ms (cache revalidated)
25 silly packumentCache full:https://registry.npmjs.org/react set size:6068774 disposed:false
26 silly fetch manifest react-dom@19.1.0
27 silly packumentCache full:https://registry.npmjs.org/react-dom cache-miss
28 http fetch GET 200 https://registry.npmjs.org/react-dom 238ms (cache revalidated)
29 silly packumentCache full:https://registry.npmjs.org/react-dom set size:7871383 disposed:false
30 silly fetch manifest class-variance-authority@*
31 silly packumentCache full:https://registry.npmjs.org/class-variance-authority cache-miss
32 http fetch GET 200 https://registry.npmjs.org/class-variance-authority 1172ms (cache miss)
33 silly packumentCache full:https://registry.npmjs.org/class-variance-authority set size:undefined disposed:false
34 silly fetch manifest clsx@*
35 silly packumentCache full:https://registry.npmjs.org/clsx cache-miss
36 http fetch GET 200 https://registry.npmjs.org/clsx 427ms (cache miss)
37 silly packumentCache full:https://registry.npmjs.org/clsx set size:undefined disposed:false
38 silly fetch manifest tailwind-merge@*
39 silly packumentCache full:https://registry.npmjs.org/tailwind-merge cache-miss
40 http fetch GET 200 https://registry.npmjs.org/tailwind-merge 506ms (cache miss)
41 silly packumentCache full:https://registry.npmjs.org/tailwind-merge set size:undefined disposed:false
42 silly fetch manifest sonner@*
43 silly packumentCache full:https://registry.npmjs.org/sonner cache-miss
44 http fetch GET 200 https://registry.npmjs.org/sonner 430ms (cache miss)
45 silly packumentCache full:https://registry.npmjs.org/sonner set size:undefined disposed:false
46 silly fetch manifest lucide-react@*
47 silly packumentCache full:https://registry.npmjs.org/lucide-react cache-miss
48 http fetch GET 200 https://registry.npmjs.org/lucide-react 843ms (cache miss)
49 silly packumentCache full:https://registry.npmjs.org/lucide-react set size:undefined disposed:false
50 silly fetch manifest @radix-ui/react-accordion@*
51 silly packumentCache full:https://registry.npmjs.org/@radix-ui%2freact-accordion cache-miss
52 http fetch GET 200 https://registry.npmjs.org/@radix-ui%2freact-accordion 1006ms (cache miss)
53 silly packumentCache full:https://registry.npmjs.org/@radix-ui%2freact-accordion set size:undefined disposed:false
54 silly fetch manifest @types/react@^19
55 silly packumentCache full:https://registry.npmjs.org/@types%2freact cache-miss
56 http fetch GET 200 https://registry.npmjs.org/@types%2freact 254ms (cache revalidated)
57 silly packumentCache full:https://registry.npmjs.org/@types%2freact set size:2455470 disposed:false
58 silly fetch manifest @types/react-dom@^19
59 silly packumentCache full:https://registry.npmjs.org/@types%2freact-dom cache-miss
60 http fetch GET 200 https://registry.npmjs.org/@types%2freact-dom 240ms (cache revalidated)
61 silly packumentCache full:https://registry.npmjs.org/@types%2freact-dom set size:412146 disposed:false
62 silly fetch manifest @radix-ui/react-tabs@*
63 silly packumentCache full:https://registry.npmjs.org/@radix-ui%2freact-tabs cache-miss
64 http fetch GET 200 https://registry.npmjs.org/@radix-ui%2freact-tabs 825ms (cache miss)
65 silly packumentCache full:https://registry.npmjs.org/@radix-ui%2freact-tabs set size:undefined disposed:false
66 silly fetch manifest @radix-ui/react-dialog@*
67 silly packumentCache full:https://registry.npmjs.org/@radix-ui%2freact-dialog cache-miss
68 http fetch GET 200 https://registry.npmjs.org/@radix-ui%2freact-dialog 1678ms (cache miss)
69 silly packumentCache full:https://registry.npmjs.org/@radix-ui%2freact-dialog set size:undefined disposed:false
70 silly fetch manifest @radix-ui/react-slot@*
71 silly packumentCache full:https://registry.npmjs.org/@radix-ui%2freact-slot cache-miss
72 http fetch GET 200 https://registry.npmjs.org/@radix-ui%2freact-slot 1324ms (cache miss)
73 silly packumentCache full:https://registry.npmjs.org/@radix-ui%2freact-slot set size:undefined disposed:false
74 silly fetch manifest tailwindcss-animate@*
75 silly packumentCache full:https://registry.npmjs.org/tailwindcss-animate cache-miss
76 http fetch GET 200 https://registry.npmjs.org/tailwindcss-animate 803ms (cache miss)
77 silly packumentCache full:https://registry.npmjs.org/tailwindcss-animate set size:undefined disposed:false
78 silly fetch manifest tailwindcss@^4
79 silly packumentCache full:https://registry.npmjs.org/tailwindcss cache-miss
80 http fetch GET 200 https://registry.npmjs.org/tailwindcss 239ms (cache revalidated)
81 silly packumentCache full:https://registry.npmjs.org/tailwindcss set size:9519977 disposed:false
82 silly placeDep ROOT @radix-ui/react-accordion@1.2.12 OK for: kansyl-landing@0.1.0 want: *
83 silly placeDep ROOT @radix-ui/react-dialog@1.1.15 OK for: kansyl-landing@0.1.0 want: *
84 silly placeDep ROOT @radix-ui/react-slot@1.2.3 OK for: kansyl-landing@0.1.0 want: *
85 silly placeDep ROOT @radix-ui/react-tabs@1.1.13 OK for: kansyl-landing@0.1.0 want: *
86 silly placeDep ROOT class-variance-authority@0.7.1 OK for: kansyl-landing@0.1.0 want: *
87 silly placeDep ROOT clsx@2.1.1 OK for: kansyl-landing@0.1.0 want: *
88 silly placeDep ROOT framer-motion@12.23.16 OK for: kansyl-landing@0.1.0 want: *
89 silly placeDep ROOT lucide-react@0.544.0 OK for: kansyl-landing@0.1.0 want: *
90 silly placeDep ROOT sonner@2.0.7 OK for: kansyl-landing@0.1.0 want: *
91 silly placeDep ROOT tailwind-merge@3.3.1 OK for: kansyl-landing@0.1.0 want: *
92 silly placeDep ROOT tailwindcss-animate@1.0.7 OK for: kansyl-landing@0.1.0 want: *
93 silly fetch manifest @radix-ui/react-id@1.1.1
94 silly packumentCache full:https://registry.npmjs.org/@radix-ui%2freact-id cache-miss
95 silly fetch manifest @radix-ui/primitive@1.1.3
96 silly packumentCache full:https://registry.npmjs.org/@radix-ui%2fprimitive cache-miss
97 silly fetch manifest @radix-ui/react-context@1.1.2
98 silly packumentCache full:https://registry.npmjs.org/@radix-ui%2freact-context cache-miss
99 silly fetch manifest @radix-ui/react-direction@1.1.1
100 silly packumentCache full:https://registry.npmjs.org/@radix-ui%2freact-direction cache-miss
101 silly fetch manifest @radix-ui/react-primitive@2.1.3
102 silly packumentCache full:https://registry.npmjs.org/@radix-ui%2freact-primitive cache-miss
103 silly fetch manifest @radix-ui/react-collection@1.1.7
104 silly packumentCache full:https://registry.npmjs.org/@radix-ui%2freact-collection cache-miss
105 silly fetch manifest @radix-ui/react-collapsible@1.1.12
106 silly packumentCache full:https://registry.npmjs.org/@radix-ui%2freact-collapsible cache-miss
107 silly fetch manifest @radix-ui/react-compose-refs@1.1.2
108 silly packumentCache full:https://registry.npmjs.org/@radix-ui%2freact-compose-refs cache-miss
109 silly fetch manifest @radix-ui/react-use-controllable-state@1.2.2
110 silly packumentCache full:https://registry.npmjs.org/@radix-ui%2freact-use-controllable-state cache-miss
111 http fetch GET 200 https://registry.npmjs.org/@radix-ui%2freact-id 747ms (cache miss)
112 silly packumentCache full:https://registry.npmjs.org/@radix-ui%2freact-id set size:undefined disposed:false
113 silly fetch manifest aria-hidden@^1.2.4
114 silly packumentCache full:https://registry.npmjs.org/aria-hidden cache-miss
115 http fetch GET 200 https://registry.npmjs.org/aria-hidden 267ms (cache miss)
116 silly packumentCache full:https://registry.npmjs.org/aria-hidden set size:undefined disposed:false
117 silly fetch manifest @radix-ui/primitive@1.1.3
118 silly packumentCache full:https://registry.npmjs.org/@radix-ui%2fprimitive cache-miss
119 http fetch GET 200 https://registry.npmjs.org/@radix-ui%2freact-compose-refs 1055ms (cache miss)
120 silly packumentCache full:https://registry.npmjs.org/@radix-ui%2freact-compose-refs set size:undefined disposed:false
121 silly fetch manifest react-remove-scroll@^2.6.3
122 silly packumentCache full:https://registry.npmjs.org/react-remove-scroll cache-miss
123 http fetch GET 200 https://registry.npmjs.org/@radix-ui%2freact-primitive 1246ms (cache miss)
124 silly packumentCache full:https://registry.npmjs.org/@radix-ui%2freact-primitive set size:undefined disposed:false
125 silly fetch manifest @radix-ui/react-slot@1.2.3
126 silly packumentCache full:https://registry.npmjs.org/@radix-ui%2freact-slot cache-miss
127 http cache https://registry.npmjs.org/@radix-ui%2freact-slot 2ms (cache hit)
128 silly packumentCache full:https://registry.npmjs.org/@radix-ui%2freact-slot set size:351089 disposed:false
129 silly fetch manifest @radix-ui/react-portal@1.1.9
130 silly packumentCache full:https://registry.npmjs.org/@radix-ui%2freact-portal cache-miss
131 http fetch GET 200 https://registry.npmjs.org/react-remove-scroll 200ms (cache miss)
132 silly packumentCache full:https://registry.npmjs.org/react-remove-scroll set size:undefined disposed:false
133 silly fetch manifest @radix-ui/react-context@1.1.2
134 silly packumentCache full:https://registry.npmjs.org/@radix-ui%2freact-context cache-miss
135 http fetch GET 200 https://registry.npmjs.org/@radix-ui%2freact-direction 1265ms (cache miss)
136 silly packumentCache full:https://registry.npmjs.org/@radix-ui%2freact-direction set size:undefined disposed:false
137 silly fetch manifest @radix-ui/react-presence@1.1.5
138 silly packumentCache full:https://registry.npmjs.org/@radix-ui%2freact-presence cache-miss
139 http fetch GET 200 https://registry.npmjs.org/@radix-ui%2freact-use-controllable-state 1464ms (cache miss)
140 silly packumentCache full:https://registry.npmjs.org/@radix-ui%2freact-use-controllable-state set size:undefined disposed:false
141 silly fetch manifest @radix-ui/react-focus-scope@1.1.7
142 silly packumentCache full:https://registry.npmjs.org/@radix-ui%2freact-focus-scope cache-miss
143 http fetch GET 200 https://registry.npmjs.org/@radix-ui%2freact-collapsible 1470ms (cache miss)
144 silly packumentCache full:https://registry.npmjs.org/@radix-ui%2freact-collapsible set size:undefined disposed:false
145 silly fetch manifest @radix-ui/react-focus-guards@1.1.3
146 silly packumentCache full:https://registry.npmjs.org/@radix-ui%2freact-focus-guards cache-miss
147 http fetch GET 200 https://registry.npmjs.org/@radix-ui%2freact-context 251ms (cache miss)
148 silly packumentCache full:https://registry.npmjs.org/@radix-ui%2freact-context set size:undefined disposed:false
149 silly fetch manifest @radix-ui/react-dismissable-layer@1.1.11
150 silly packumentCache full:https://registry.npmjs.org/@radix-ui%2freact-dismissable-layer cache-miss
151 http fetch GET 200 https://registry.npmjs.org/@radix-ui%2fprimitive 539ms (cache miss)
152 silly packumentCache full:https://registry.npmjs.org/@radix-ui%2fprimitive set size:undefined disposed:false
153 silly fetch manifest @radix-ui/react-presence@1.1.5
154 silly packumentCache full:https://registry.npmjs.org/@radix-ui%2freact-presence cache-miss
155 http fetch GET 200 https://registry.npmjs.org/@radix-ui%2freact-collection 1652ms (cache miss)
156 silly packumentCache full:https://registry.npmjs.org/@radix-ui%2freact-collection set size:undefined disposed:false
157 silly fetch manifest @radix-ui/react-roving-focus@1.1.11
158 silly packumentCache full:https://registry.npmjs.org/@radix-ui%2freact-roving-focus cache-miss
159 http fetch GET 200 https://registry.npmjs.org/@radix-ui%2freact-presence 442ms (cache miss)
160 silly packumentCache full:https://registry.npmjs.org/@radix-ui%2freact-presence set size:undefined disposed:false
161 silly fetch manifest clsx@^2.1.1
162 silly packumentCache full:https://registry.npmjs.org/clsx cache-miss
163 http cache https://registry.npmjs.org/clsx 3ms (cache hit)
164 silly packumentCache full:https://registry.npmjs.org/clsx set size:42506 disposed:false
165 silly fetch manifest motion-dom@^12.23.12
166 silly packumentCache full:https://registry.npmjs.org/motion-dom cache-miss
167 http fetch GET 200 https://registry.npmjs.org/motion-dom 216ms (cache miss)
168 silly packumentCache full:https://registry.npmjs.org/motion-dom set size:undefined disposed:false
169 silly fetch manifest motion-utils@^12.23.6
170 silly packumentCache full:https://registry.npmjs.org/motion-utils cache-miss
171 http fetch GET 200 https://registry.npmjs.org/@radix-ui%2freact-context 1963ms (cache miss)
172 silly packumentCache full:https://registry.npmjs.org/@radix-ui%2freact-context set size:undefined disposed:false
173 http fetch GET 200 https://registry.npmjs.org/@radix-ui%2freact-dismissable-layer 462ms (cache miss)
174 silly packumentCache full:https://registry.npmjs.org/@radix-ui%2freact-dismissable-layer set size:undefined disposed:false
175 http fetch GET 200 https://registry.npmjs.org/@radix-ui%2fprimitive 2094ms (cache miss)
176 silly packumentCache full:https://registry.npmjs.org/@radix-ui%2fprimitive set size:undefined disposed:false
177 http fetch GET 200 https://registry.npmjs.org/@radix-ui%2freact-portal 864ms (cache miss)
178 silly packumentCache full:https://registry.npmjs.org/@radix-ui%2freact-portal set size:undefined disposed:false
179 http fetch GET 200 https://registry.npmjs.org/@radix-ui%2freact-focus-guards 670ms (cache miss)
180 silly packumentCache full:https://registry.npmjs.org/@radix-ui%2freact-focus-guards set size:undefined disposed:false
181 http fetch GET 200 https://registry.npmjs.org/motion-utils 220ms (cache miss)
182 silly packumentCache full:https://registry.npmjs.org/motion-utils set size:undefined disposed:false
183 http fetch GET 200 https://registry.npmjs.org/@radix-ui%2freact-roving-focus 672ms (cache miss)
184 silly packumentCache full:https://registry.npmjs.org/@radix-ui%2freact-roving-focus set size:undefined disposed:false
185 http fetch GET 200 https://registry.npmjs.org/@radix-ui%2freact-focus-scope 881ms (cache miss)
186 silly packumentCache full:https://registry.npmjs.org/@radix-ui%2freact-focus-scope set size:undefined disposed:false
187 http fetch GET 200 https://registry.npmjs.org/@radix-ui%2freact-presence 821ms (cache miss)
188 silly packumentCache full:https://registry.npmjs.org/@radix-ui%2freact-presence set size:undefined disposed:false
189 silly fetch manifest @types/react@*
190 silly packumentCache full:https://registry.npmjs.org/@types%2freact cache-miss
191 http cache https://registry.npmjs.org/@types%2freact 7ms (cache hit)
192 silly packumentCache full:https://registry.npmjs.org/@types%2freact set size:2455470 disposed:false
193 silly fetch manifest react@^16.8 || ^17.0 || ^18.0 || ^19.0 || ^19.0.0-rc
194 silly packumentCache full:https://registry.npmjs.org/react cache-miss
195 http cache https://registry.npmjs.org/react 13ms (cache hit)
196 silly packumentCache full:https://registry.npmjs.org/react set size:6068774 disposed:false
197 silly fetch manifest @types/react-dom@*
198 silly packumentCache full:https://registry.npmjs.org/@types%2freact-dom cache-hit
199 silly fetch manifest react-dom@^16.8 || ^17.0 || ^18.0 || ^19.0 || ^19.0.0-rc
200 silly packumentCache full:https://registry.npmjs.org/react-dom cache-miss
201 http cache https://registry.npmjs.org/react-dom 10ms (cache hit)
202 silly packumentCache full:https://registry.npmjs.org/react-dom set size:7871383 disposed:false
203 silly placeDep ROOT @radix-ui/primitive@1.1.3 OK for: @radix-ui/react-accordion@1.2.12 want: 1.1.3
204 silly placeDep ROOT @radix-ui/react-collapsible@1.1.12 OK for: @radix-ui/react-accordion@1.2.12 want: 1.1.12
205 silly placeDep ROOT @radix-ui/react-collection@1.1.7 OK for: @radix-ui/react-accordion@1.2.12 want: 1.1.7
206 silly placeDep ROOT @radix-ui/react-compose-refs@1.1.2 OK for: @radix-ui/react-accordion@1.2.12 want: 1.1.2
207 silly placeDep ROOT @radix-ui/react-context@1.1.2 OK for: @radix-ui/react-accordion@1.2.12 want: 1.1.2
208 silly placeDep ROOT @radix-ui/react-direction@1.1.1 OK for: @radix-ui/react-accordion@1.2.12 want: 1.1.1
209 silly placeDep ROOT @radix-ui/react-id@1.1.1 OK for: @radix-ui/react-accordion@1.2.12 want: 1.1.1
210 silly placeDep ROOT @radix-ui/react-primitive@2.1.3 OK for: @radix-ui/react-accordion@1.2.12 want: 2.1.3
211 silly placeDep ROOT @radix-ui/react-use-controllable-state@1.2.2 OK for: @radix-ui/react-accordion@1.2.12 want: 1.2.2
212 silly fetch manifest @radix-ui/react-use-layout-effect@1.1.1
213 silly packumentCache full:https://registry.npmjs.org/@radix-ui%2freact-use-layout-effect cache-miss
214 silly fetch manifest @radix-ui/react-use-layout-effect@1.1.1
215 silly packumentCache full:https://registry.npmjs.org/@radix-ui%2freact-use-layout-effect cache-miss
216 silly fetch manifest @radix-ui/react-use-effect-event@0.0.2
217 silly packumentCache full:https://registry.npmjs.org/@radix-ui%2freact-use-effect-event cache-miss
218 silly fetch manifest @radix-ui/react-use-layout-effect@1.1.1
219 silly packumentCache full:https://registry.npmjs.org/@radix-ui%2freact-use-layout-effect cache-miss
220 http fetch GET 200 https://registry.npmjs.org/@radix-ui%2freact-use-effect-event 512ms (cache miss)
221 silly packumentCache full:https://registry.npmjs.org/@radix-ui%2freact-use-effect-event set size:undefined disposed:false
222 http fetch GET 200 https://registry.npmjs.org/@radix-ui%2freact-use-layout-effect 642ms (cache miss)
223 silly packumentCache full:https://registry.npmjs.org/@radix-ui%2freact-use-layout-effect set size:undefined disposed:false
224 http fetch GET 200 https://registry.npmjs.org/@radix-ui%2freact-use-layout-effect 826ms (cache miss)
225 silly packumentCache full:https://registry.npmjs.org/@radix-ui%2freact-use-layout-effect set size:undefined disposed:false
226 http fetch GET 200 https://registry.npmjs.org/@radix-ui%2freact-use-layout-effect 1735ms (cache miss)
227 silly packumentCache full:https://registry.npmjs.org/@radix-ui%2freact-use-layout-effect set size:undefined disposed:false
228 silly placeDep ROOT @radix-ui/react-presence@1.1.5 OK for: @radix-ui/react-collapsible@1.1.12 want: 1.1.5
229 silly placeDep ROOT @radix-ui/react-use-layout-effect@1.1.1 OK for: @radix-ui/react-collapsible@1.1.12 want: 1.1.1
230 silly placeDep ROOT @radix-ui/react-dismissable-layer@1.1.11 OK for: @radix-ui/react-dialog@1.1.15 want: 1.1.11
231 silly placeDep ROOT @radix-ui/react-focus-guards@1.1.3 OK for: @radix-ui/react-dialog@1.1.15 want: 1.1.3
232 silly placeDep ROOT @radix-ui/react-focus-scope@1.1.7 OK for: @radix-ui/react-dialog@1.1.15 want: 1.1.7
233 silly placeDep ROOT @radix-ui/react-portal@1.1.9 OK for: @radix-ui/react-dialog@1.1.15 want: 1.1.9
234 silly placeDep ROOT aria-hidden@1.2.6 OK for: @radix-ui/react-dialog@1.1.15 want: ^1.2.4
235 silly placeDep ROOT react-remove-scroll@2.7.1 OK for: @radix-ui/react-dialog@1.1.15 want: ^2.6.3
236 silly fetch manifest @radix-ui/react-use-callback-ref@1.1.1
237 silly packumentCache full:https://registry.npmjs.org/@radix-ui%2freact-use-callback-ref cache-miss
238 silly fetch manifest @radix-ui/react-use-escape-keydown@1.1.1
239 silly packumentCache full:https://registry.npmjs.org/@radix-ui%2freact-use-escape-keydown cache-miss
240 silly fetch manifest @radix-ui/react-use-callback-ref@1.1.1
241 silly packumentCache full:https://registry.npmjs.org/@radix-ui%2freact-use-callback-ref cache-miss
242 silly fetch manifest react-remove-scroll-bar@^2.3.7
243 silly packumentCache full:https://registry.npmjs.org/react-remove-scroll-bar cache-miss
244 silly fetch manifest react-style-singleton@^2.2.3
245 silly packumentCache full:https://registry.npmjs.org/react-style-singleton cache-miss
246 silly fetch manifest use-callback-ref@^1.3.3
247 silly packumentCache full:https://registry.npmjs.org/use-callback-ref cache-miss
248 silly fetch manifest use-sidecar@^1.1.3
249 silly packumentCache full:https://registry.npmjs.org/use-sidecar cache-miss
250 http fetch GET 200 https://registry.npmjs.org/react-style-singleton 218ms (cache miss)
251 silly packumentCache full:https://registry.npmjs.org/react-style-singleton set size:undefined disposed:false
252 http fetch GET 200 https://registry.npmjs.org/use-sidecar 234ms (cache miss)
253 silly packumentCache full:https://registry.npmjs.org/use-sidecar set size:undefined disposed:false
254 http fetch GET 200 https://registry.npmjs.org/@radix-ui%2freact-use-escape-keydown 433ms (cache miss)
255 silly packumentCache full:https://registry.npmjs.org/@radix-ui%2freact-use-escape-keydown set size:undefined disposed:false
256 http fetch GET 200 https://registry.npmjs.org/use-callback-ref 649ms (cache miss)
257 silly packumentCache full:https://registry.npmjs.org/use-callback-ref set size:undefined disposed:false
258 http fetch GET 200 https://registry.npmjs.org/@radix-ui%2freact-use-callback-ref 651ms (cache miss)
259 silly packumentCache full:https://registry.npmjs.org/@radix-ui%2freact-use-callback-ref set size:undefined disposed:false
260 http fetch GET 200 https://registry.npmjs.org/react-remove-scroll-bar 836ms (cache miss)
261 silly packumentCache full:https://registry.npmjs.org/react-remove-scroll-bar set size:undefined disposed:false
262 http fetch GET 200 https://registry.npmjs.org/@radix-ui%2freact-use-callback-ref 1597ms (cache miss)
263 silly packumentCache full:https://registry.npmjs.org/@radix-ui%2freact-use-callback-ref set size:undefined disposed:false
264 silly placeDep ROOT @radix-ui/react-use-callback-ref@1.1.1 OK for: @radix-ui/react-dismissable-layer@1.1.11 want: 1.1.1
265 silly placeDep ROOT @radix-ui/react-use-escape-keydown@1.1.1 OK for: @radix-ui/react-dismissable-layer@1.1.11 want: 1.1.1
266 silly placeDep ROOT @radix-ui/react-roving-focus@1.1.11 OK for: @radix-ui/react-tabs@1.1.13 want: 1.1.11
267 silly placeDep ROOT @radix-ui/react-use-effect-event@0.0.2 OK for: @radix-ui/react-use-controllable-state@1.2.2 want: 0.0.2
268 silly placeDep ROOT motion-dom@12.23.12 OK for: framer-motion@12.23.16 want: ^12.23.12
269 silly placeDep ROOT motion-utils@12.23.6 OK for: framer-motion@12.23.16 want: ^12.23.6
270 silly fetch manifest react@^16.8.0 || ^17.0.0 || ^18.0.0 || ^19.0.0 || ^19.0.0-rc
271 silly packumentCache full:https://registry.npmjs.org/react cache-miss
272 http cache https://registry.npmjs.org/react 10ms (cache hit)
273 silly packumentCache full:https://registry.npmjs.org/react set size:6068774 disposed:false
274 silly placeDep ROOT react-remove-scroll-bar@2.3.8 OK for: react-remove-scroll@2.7.1 want: ^2.3.7
275 silly placeDep ROOT react-style-singleton@2.2.3 OK for: react-remove-scroll@2.7.1 want: ^2.2.3
276 silly placeDep ROOT use-callback-ref@1.3.3 OK for: react-remove-scroll@2.7.1 want: ^1.3.3
277 silly placeDep ROOT use-sidecar@1.1.3 OK for: react-remove-scroll@2.7.1 want: ^1.1.3
278 silly fetch manifest react-style-singleton@^2.2.2
279 silly packumentCache full:https://registry.npmjs.org/react-style-singleton cache-miss
280 silly fetch manifest get-nonce@^1.0.0
281 silly packumentCache full:https://registry.npmjs.org/get-nonce cache-miss
282 silly fetch manifest detect-node-es@^1.1.0
283 silly packumentCache full:https://registry.npmjs.org/detect-node-es cache-miss
284 http cache https://registry.npmjs.org/react-style-singleton 4ms (cache hit)
285 silly packumentCache full:https://registry.npmjs.org/react-style-singleton set size:33682 disposed:false
286 http fetch GET 200 https://registry.npmjs.org/get-nonce 229ms (cache miss)
287 silly packumentCache full:https://registry.npmjs.org/get-nonce set size:undefined disposed:false
288 http fetch GET 200 https://registry.npmjs.org/detect-node-es 251ms (cache miss)
289 silly packumentCache full:https://registry.npmjs.org/detect-node-es set size:undefined disposed:false
290 silly placeDep ROOT get-nonce@1.0.1 OK for: react-style-singleton@2.2.3 want: ^1.0.0
291 silly placeDep ROOT detect-node-es@1.1.0 OK for: use-sidecar@1.1.3 want: ^1.1.0
292 silly reify moves {}
293 verbose reify failed optional dependency /Users/juan_oclock/Documents/ios-mobile/kansyl-landing/node_modules/@tailwindcss/oxide-wasm32-wasi
294 silly reify mark deleted [
294 silly reify   '/Users/juan_oclock/Documents/ios-mobile/kansyl-landing/node_modules/@tailwindcss/oxide-wasm32-wasi'
294 silly reify ]
295 silly audit bulk request {
295 silly audit   '@alloc/quick-lru': [ '5.2.0' ],
295 silly audit   '@emnapi/core': [ '1.5.0' ],
295 silly audit   '@emnapi/runtime': [ '1.5.0' ],
295 silly audit   '@emnapi/wasi-threads': [ '1.1.0' ],
295 silly audit   '@eslint-community/eslint-utils': [ '4.9.0' ],
295 silly audit   'eslint-visitor-keys': [ '3.4.3', '4.2.1' ],
295 silly audit   '@eslint-community/regexpp': [ '4.12.1' ],
295 silly audit   '@eslint/config-array': [ '0.21.0' ],
295 silly audit   '@eslint/config-helpers': [ '0.3.1' ],
295 silly audit   '@eslint/core': [ '0.15.2' ],
295 silly audit   '@eslint/eslintrc': [ '3.3.1' ],
295 silly audit   '@eslint/js': [ '9.36.0' ],
295 silly audit   '@eslint/object-schema': [ '2.1.6' ],
295 silly audit   '@eslint/plugin-kit': [ '0.3.5' ],
295 silly audit   '@humanfs/core': [ '0.19.1' ],
295 silly audit   '@humanfs/node': [ '0.16.7' ],
295 silly audit   '@humanwhocodes/module-importer': [ '1.0.1' ],
295 silly audit   '@humanwhocodes/retry': [ '0.4.3' ],
295 silly audit   '@img/colour': [ '1.0.0' ],
295 silly audit   '@img/sharp-darwin-arm64': [ '0.34.4' ],
295 silly audit   '@img/sharp-darwin-x64': [ '0.34.4' ],
295 silly audit   '@img/sharp-libvips-darwin-arm64': [ '1.2.3' ],
295 silly audit   '@img/sharp-libvips-darwin-x64': [ '1.2.3' ],
295 silly audit   '@img/sharp-libvips-linux-arm': [ '1.2.3' ],
295 silly audit   '@img/sharp-libvips-linux-arm64': [ '1.2.3' ],
295 silly audit   '@img/sharp-libvips-linux-ppc64': [ '1.2.3' ],
295 silly audit   '@img/sharp-libvips-linux-s390x': [ '1.2.3' ],
295 silly audit   '@img/sharp-libvips-linux-x64': [ '1.2.3' ],
295 silly audit   '@img/sharp-libvips-linuxmusl-arm64': [ '1.2.3' ],
295 silly audit   '@img/sharp-libvips-linuxmusl-x64': [ '1.2.3' ],
295 silly audit   '@img/sharp-linux-arm': [ '0.34.4' ],
295 silly audit   '@img/sharp-linux-arm64': [ '0.34.4' ],
295 silly audit   '@img/sharp-linux-ppc64': [ '0.34.4' ],
295 silly audit   '@img/sharp-linux-s390x': [ '0.34.4' ],
295 silly audit   '@img/sharp-linux-x64': [ '0.34.4' ],
295 silly audit   '@img/sharp-linuxmusl-arm64': [ '0.34.4' ],
295 silly audit   '@img/sharp-linuxmusl-x64': [ '0.34.4' ],
295 silly audit   '@img/sharp-wasm32': [ '0.34.4' ],
295 silly audit   '@img/sharp-win32-arm64': [ '0.34.4' ],
295 silly audit   '@img/sharp-win32-ia32': [ '0.34.4' ],
295 silly audit   '@img/sharp-win32-x64': [ '0.34.4' ],
295 silly audit   '@isaacs/fs-minipass': [ '4.0.1' ],
295 silly audit   '@jridgewell/gen-mapping': [ '0.3.13' ],
295 silly audit   '@jridgewell/remapping': [ '2.3.5' ],
295 silly audit   '@jridgewell/resolve-uri': [ '3.1.2' ],
295 silly audit   '@jridgewell/sourcemap-codec': [ '1.5.5' ],
295 silly audit   '@jridgewell/trace-mapping': [ '0.3.31' ],
295 silly audit   '@napi-rs/wasm-runtime': [ '0.2.12' ],
295 silly audit   '@next/env': [ '15.5.3' ],
295 silly audit   '@next/eslint-plugin-next': [ '15.5.3' ],
295 silly audit   '@next/swc-darwin-arm64': [ '15.5.3' ],
295 silly audit   '@next/swc-darwin-x64': [ '15.5.3' ],
295 silly audit   '@next/swc-linux-arm64-gnu': [ '15.5.3' ],
295 silly audit   '@next/swc-linux-arm64-musl': [ '15.5.3' ],
295 silly audit   '@next/swc-linux-x64-gnu': [ '15.5.3' ],
295 silly audit   '@next/swc-linux-x64-musl': [ '15.5.3' ],
295 silly audit   '@next/swc-win32-arm64-msvc': [ '15.5.3' ],
295 silly audit   '@next/swc-win32-x64-msvc': [ '15.5.3' ],
295 silly audit   '@nodelib/fs.scandir': [ '2.1.5' ],
295 silly audit   '@nodelib/fs.stat': [ '2.0.5' ],
295 silly audit   '@nodelib/fs.walk': [ '1.2.8' ],
295 silly audit   '@nolyfill/is-core-module': [ '1.0.39' ],
295 silly audit   '@rtsao/scc': [ '1.1.0' ],
295 silly audit   '@rushstack/eslint-patch': [ '1.12.0' ],
295 silly audit   '@swc/helpers': [ '0.5.15' ],
295 silly audit   '@tailwindcss/node': [ '4.1.13' ],
295 silly audit   '@tailwindcss/oxide': [ '4.1.13' ],
295 silly audit   '@tailwindcss/oxide-android-arm64': [ '4.1.13' ],
295 silly audit   '@tailwindcss/oxide-darwin-arm64': [ '4.1.13' ],
295 silly audit   '@tailwindcss/oxide-darwin-x64': [ '4.1.13' ],
295 silly audit   '@tailwindcss/oxide-freebsd-x64': [ '4.1.13' ],
295 silly audit   '@tailwindcss/oxide-linux-arm-gnueabihf': [ '4.1.13' ],
295 silly audit   '@tailwindcss/oxide-linux-arm64-gnu': [ '4.1.13' ],
295 silly audit   '@tailwindcss/oxide-linux-arm64-musl': [ '4.1.13' ],
295 silly audit   '@tailwindcss/oxide-linux-x64-gnu': [ '4.1.13' ],
295 silly audit   '@tailwindcss/oxide-linux-x64-musl': [ '4.1.13' ],
295 silly audit   '@tailwindcss/oxide-win32-arm64-msvc': [ '4.1.13' ],
295 silly audit   '@tailwindcss/oxide-win32-x64-msvc': [ '4.1.13' ],
295 silly audit   '@tailwindcss/postcss': [ '4.1.13' ],
295 silly audit   '@tybys/wasm-util': [ '0.10.1' ],
295 silly audit   '@types/estree': [ '1.0.8' ],
295 silly audit   '@types/json-schema': [ '7.0.15' ],
295 silly audit   '@types/json5': [ '0.0.29' ],
295 silly audit   '@types/node': [ '20.19.17' ],
295 silly audit   '@types/react': [ '19.1.13' ],
295 silly audit   '@types/react-dom': [ '19.1.9' ],
295 silly audit   '@typescript-eslint/eslint-plugin': [ '8.44.0' ],
295 silly audit   ignore: [ '7.0.5', '5.3.2' ],
295 silly audit   '@typescript-eslint/parser': [ '8.44.0' ],
295 silly audit   '@typescript-eslint/project-service': [ '8.44.0' ],
295 silly audit   '@typescript-eslint/scope-manager': [ '8.44.0' ],
295 silly audit   '@typescript-eslint/tsconfig-utils': [ '8.44.0' ],
295 silly audit   '@typescript-eslint/type-utils': [ '8.44.0' ],
295 silly audit   '@typescript-eslint/types': [ '8.44.0' ],
295 silly audit   '@typescript-eslint/typescript-estree': [ '8.44.0' ],
295 silly audit   'brace-expansion': [ '2.0.2', '1.1.12' ],
295 silly audit   'fast-glob': [ '3.3.3', '3.3.1' ],
295 silly audit   'glob-parent': [ '5.1.2', '6.0.2' ],
295 silly audit   minimatch: [ '9.0.5', '3.1.2' ],
295 silly audit   '@typescript-eslint/utils': [ '8.44.0' ],
295 silly audit   '@typescript-eslint/visitor-keys': [ '8.44.0' ],
295 silly audit   '@unrs/resolver-binding-android-arm-eabi': [ '1.11.1' ],
295 silly audit   '@unrs/resolver-binding-android-arm64': [ '1.11.1' ],
295 silly audit   '@unrs/resolver-binding-darwin-arm64': [ '1.11.1' ],
295 silly audit   '@unrs/resolver-binding-darwin-x64': [ '1.11.1' ],
295 silly audit   '@unrs/resolver-binding-freebsd-x64': [ '1.11.1' ],
295 silly audit   '@unrs/resolver-binding-linux-arm-gnueabihf': [ '1.11.1' ],
295 silly audit   '@unrs/resolver-binding-linux-arm-musleabihf': [ '1.11.1' ],
295 silly audit   '@unrs/resolver-binding-linux-arm64-gnu': [ '1.11.1' ],
295 silly audit   '@unrs/resolver-binding-linux-arm64-musl': [ '1.11.1' ],
295 silly audit   '@unrs/resolver-binding-linux-ppc64-gnu': [ '1.11.1' ],
295 silly audit   '@unrs/resolver-binding-linux-riscv64-gnu': [ '1.11.1' ],
295 silly audit   '@unrs/resolver-binding-linux-riscv64-musl': [ '1.11.1' ],
295 silly audit   '@unrs/resolver-binding-linux-s390x-gnu': [ '1.11.1' ],
295 silly audit   '@unrs/resolver-binding-linux-x64-gnu': [ '1.11.1' ],
295 silly audit   '@unrs/resolver-binding-linux-x64-musl': [ '1.11.1' ],
295 silly audit   '@unrs/resolver-binding-wasm32-wasi': [ '1.11.1' ],
295 silly audit   '@unrs/resolver-binding-win32-arm64-msvc': [ '1.11.1' ],
295 silly audit   '@unrs/resolver-binding-win32-ia32-msvc': [ '1.11.1' ],
295 silly audit   '@unrs/resolver-binding-win32-x64-msvc': [ '1.11.1' ],
295 silly audit   acorn: [ '8.15.0' ],
295 silly audit   'acorn-jsx': [ '5.3.2' ],
295 silly audit   ajv: [ '6.12.6' ],
295 silly audit   'ansi-styles': [ '4.3.0' ],
295 silly audit   argparse: [ '2.0.1' ],
295 silly audit   'aria-query': [ '5.3.2' ],
295 silly audit   'array-buffer-byte-length': [ '1.0.2' ],
295 silly audit   'array-includes': [ '3.1.9' ],
295 silly audit   'array.prototype.findlast': [ '1.2.5' ],
295 silly audit   'array.prototype.findlastindex': [ '1.2.6' ],
295 silly audit   'array.prototype.flat': [ '1.3.3' ],
295 silly audit   'array.prototype.flatmap': [ '1.3.3' ],
295 silly audit   'array.prototype.tosorted': [ '1.1.4' ],
295 silly audit   'arraybuffer.prototype.slice': [ '1.0.4' ],
295 silly audit   'ast-types-flow': [ '0.0.8' ],
295 silly audit   'async-function': [ '1.0.0' ],
295 silly audit   'available-typed-arrays': [ '1.0.7' ],
295 silly audit   'axe-core': [ '4.10.3' ],
295 silly audit   'axobject-query': [ '4.1.0' ],
295 silly audit   'balanced-match': [ '1.0.2' ],
295 silly audit   braces: [ '3.0.3' ],
295 silly audit   'call-bind': [ '1.0.8' ],
295 silly audit   'call-bind-apply-helpers': [ '1.0.2' ],
295 silly audit   'call-bound': [ '1.0.4' ],
295 silly audit   callsites: [ '3.1.0' ],
295 silly audit   'caniuse-lite': [ '1.0.30001743' ],
295 silly audit   chalk: [ '4.1.2' ],
295 silly audit   chownr: [ '3.0.0' ],
295 silly audit   'client-only': [ '0.0.1' ],
295 silly audit   'color-convert': [ '2.0.1' ],
295 silly audit   'color-name': [ '1.1.4' ],
295 silly audit   'concat-map': [ '0.0.1' ],
295 silly audit   'cross-spawn': [ '7.0.6' ],
295 silly audit   csstype: [ '3.1.3' ],
295 silly audit   'damerau-levenshtein': [ '1.0.8' ],
295 silly audit   'data-view-buffer': [ '1.0.2' ],
295 silly audit   'data-view-byte-length': [ '1.0.2' ],
295 silly audit   'data-view-byte-offset': [ '1.0.1' ],
295 silly audit   debug: [ '4.4.3', '3.2.7' ],
295 silly audit   'deep-is': [ '0.1.4' ],
295 silly audit   'define-data-property': [ '1.1.4' ],
295 silly audit   'define-properties': [ '1.2.1' ],
295 silly audit   'detect-libc': [ '2.1.0' ],
295 silly audit   doctrine: [ '2.1.0' ],
295 silly audit   'dunder-proto': [ '1.0.1' ],
295 silly audit   'emoji-regex': [ '9.2.2' ],
295 silly audit   'enhanced-resolve': [ '5.18.3' ],
295 silly audit   'es-abstract': [ '1.24.0' ],
295 silly audit   'es-define-property': [ '1.0.1' ],
295 silly audit   'es-errors': [ '1.3.0' ],
295 silly audit   'es-iterator-helpers': [ '1.2.1' ],
295 silly audit   'es-object-atoms': [ '1.1.1' ],
295 silly audit   'es-set-tostringtag': [ '2.1.0' ],
295 silly audit   'es-shim-unscopables': [ '1.1.0' ],
295 silly audit   'es-to-primitive': [ '1.3.0' ],
295 silly audit   'escape-string-regexp': [ '4.0.0' ],
295 silly audit   eslint: [ '9.36.0' ],
295 silly audit   'eslint-config-next': [ '15.5.3' ],
295 silly audit   'eslint-import-resolver-node': [ '0.3.9' ],
295 silly audit   'eslint-import-resolver-typescript': [ '3.10.1' ],
295 silly audit   'eslint-module-utils': [ '2.12.1' ],
295 silly audit   'eslint-plugin-import': [ '2.32.0' ],
295 silly audit   semver: [ '6.3.1', '7.7.2' ],
295 silly audit   'eslint-plugin-jsx-a11y': [ '6.10.2' ],
295 silly audit   'eslint-plugin-react': [ '7.37.5' ],
295 silly audit   'eslint-plugin-react-hooks': [ '5.2.0' ],
295 silly audit   resolve: [ '2.0.0-next.5', '1.22.10' ],
295 silly audit   'eslint-scope': [ '8.4.0' ],
295 silly audit   espree: [ '10.4.0' ],
295 silly audit   esquery: [ '1.6.0' ],
295 silly audit   esrecurse: [ '4.3.0' ],
295 silly audit   estraverse: [ '5.3.0' ],
295 silly audit   esutils: [ '2.0.3' ],
295 silly audit   'fast-deep-equal': [ '3.1.3' ],
295 silly audit   'fast-json-stable-stringify': [ '2.1.0' ],
295 silly audit   'fast-levenshtein': [ '2.0.6' ],
295 silly audit   fastq: [ '1.19.1' ],
295 silly audit   'file-entry-cache': [ '8.0.0' ],
295 silly audit   'fill-range': [ '7.1.1' ],
295 silly audit   'find-up': [ '5.0.0' ],
295 silly audit   'flat-cache': [ '4.0.1' ],
295 silly audit   flatted: [ '3.3.3' ],
295 silly audit   'for-each': [ '0.3.5' ],
295 silly audit   'function-bind': [ '1.1.2' ],
295 silly audit   'function.prototype.name': [ '1.1.8' ],
295 silly audit   'functions-have-names': [ '1.2.3' ],
295 silly audit   'get-intrinsic': [ '1.3.0' ],
295 silly audit   'get-proto': [ '1.0.1' ],
295 silly audit   'get-symbol-description': [ '1.1.0' ],
295 silly audit   'get-tsconfig': [ '4.10.1' ],
295 silly audit   globals: [ '14.0.0' ],
295 silly audit   globalthis: [ '1.0.4' ],
295 silly audit   gopd: [ '1.2.0' ],
295 silly audit   'graceful-fs': [ '4.2.11' ],
295 silly audit   graphemer: [ '1.4.0' ],
295 silly audit   'has-bigints': [ '1.1.0' ],
295 silly audit   'has-flag': [ '4.0.0' ],
295 silly audit   'has-property-descriptors': [ '1.0.2' ],
295 silly audit   'has-proto': [ '1.2.0' ],
295 silly audit   'has-symbols': [ '1.1.0' ],
295 silly audit   'has-tostringtag': [ '1.0.2' ],
295 silly audit   hasown: [ '2.0.2' ],
295 silly audit   'import-fresh': [ '3.3.1' ],
295 silly audit   imurmurhash: [ '0.1.4' ],
295 silly audit   'internal-slot': [ '1.1.0' ],
295 silly audit   'is-array-buffer': [ '3.0.5' ],
295 silly audit   'is-async-function': [ '2.1.1' ],
295 silly audit   'is-bigint': [ '1.1.0' ],
295 silly audit   'is-boolean-object': [ '1.2.2' ],
295 silly audit   'is-bun-module': [ '2.0.0' ],
295 silly audit   'is-callable': [ '1.2.7' ],
295 silly audit   'is-core-module': [ '2.16.1' ],
295 silly audit   'is-data-view': [ '1.0.2' ],
295 silly audit   'is-date-object': [ '1.1.0' ],
295 silly audit   'is-extglob': [ '2.1.1' ],
295 silly audit   'is-finalizationregistry': [ '1.1.1' ],
295 silly audit   'is-generator-function': [ '1.1.0' ],
295 silly audit   'is-glob': [ '4.0.3' ],
295 silly audit   'is-map': [ '2.0.3' ],
295 silly audit   'is-negative-zero': [ '2.0.3' ],
295 silly audit   'is-number': [ '7.0.0' ],
295 silly audit   'is-number-object': [ '1.1.1' ],
295 silly audit   'is-regex': [ '1.2.1' ],
295 silly audit   'is-set': [ '2.0.3' ],
295 silly audit   'is-shared-array-buffer': [ '1.0.4' ],
295 silly audit   'is-string': [ '1.1.1' ],
295 silly audit   'is-symbol': [ '1.1.1' ],
295 silly audit   'is-typed-array': [ '1.1.15' ],
295 silly audit   'is-weakmap': [ '2.0.2' ],
295 silly audit   'is-weakref': [ '1.1.1' ],
295 silly audit   'is-weakset': [ '2.0.4' ],
295 silly audit   isarray: [ '2.0.5' ],
295 silly audit   isexe: [ '2.0.0' ],
295 silly audit   'iterator.prototype': [ '1.1.5' ],
295 silly audit   jiti: [ '2.5.1' ],
295 silly audit   'js-tokens': [ '4.0.0' ],
295 silly audit   'js-yaml': [ '4.1.0' ],
295 silly audit   'json-buffer': [ '3.0.1' ],
295 silly audit   'json-schema-traverse': [ '0.4.1' ],
295 silly audit   'json-stable-stringify-without-jsonify': [ '1.0.1' ],
295 silly audit   json5: [ '1.0.2' ],
295 silly audit   'jsx-ast-utils': [ '3.3.5' ],
295 silly audit   keyv: [ '4.5.4' ],
295 silly audit   'language-subtag-registry': [ '0.3.23' ],
295 silly audit   'language-tags': [ '1.0.9' ],
295 silly audit   levn: [ '0.4.1' ],
295 silly audit   lightningcss: [ '1.30.1' ],
295 silly audit   'lightningcss-darwin-arm64': [ '1.30.1' ],
295 silly audit   'lightningcss-darwin-x64': [ '1.30.1' ],
295 silly audit   'lightningcss-freebsd-x64': [ '1.30.1' ],
295 silly audit   'lightningcss-linux-arm-gnueabihf': [ '1.30.1' ],
295 silly audit   'lightningcss-linux-arm64-gnu': [ '1.30.1' ],
295 silly audit   'lightningcss-linux-arm64-musl': [ '1.30.1' ],
295 silly audit   'lightningcss-linux-x64-gnu': [ '1.30.1' ],
295 silly audit   'lightningcss-linux-x64-musl': [ '1.30.1' ],
295 silly audit   'lightningcss-win32-arm64-msvc': [ '1.30.1' ],
295 silly audit   'lightningcss-win32-x64-msvc': [ '1.30.1' ],
295 silly audit   'locate-path': [ '6.0.0' ],
295 silly audit   'lodash.merge': [ '4.6.2' ],
295 silly audit   'loose-envify': [ '1.4.0' ],
295 silly audit   'magic-string': [ '0.30.19' ],
295 silly audit   'math-intrinsics': [ '1.1.0' ],
295 silly audit   merge2: [ '1.4.1' ],
295 silly audit   micromatch: [ '4.0.8' ],
295 silly audit   minimist: [ '1.2.8' ],
295 silly audit   minipass: [ '7.1.2' ],
295 silly audit   minizlib: [ '3.0.2' ],
295 silly audit   mkdirp: [ '3.0.1' ],
295 silly audit   ms: [ '2.1.3' ],
295 silly audit   nanoid: [ '3.3.11' ],
295 silly audit   'napi-postinstall': [ '0.3.3' ],
295 silly audit   'natural-compare': [ '1.4.0' ],
295 silly audit   next: [ '15.5.3' ],
295 silly audit   postcss: [ '8.4.31', '8.5.6' ],
295 silly audit   'object-assign': [ '4.1.1' ],
295 silly audit   'object-inspect': [ '1.13.4' ],
295 silly audit   'object-keys': [ '1.1.1' ],
295 silly audit   'object.assign': [ '4.1.7' ],
295 silly audit   'object.entries': [ '1.1.9' ],
295 silly audit   'object.fromentries': [ '2.0.8' ],
295 silly audit   'object.groupby': [ '1.0.3' ],
295 silly audit   'object.values': [ '1.2.1' ],
295 silly audit   optionator: [ '0.9.4' ],
295 silly audit   'own-keys': [ '1.0.1' ],
295 silly audit   'p-limit': [ '3.1.0' ],
295 silly audit   'p-locate': [ '5.0.0' ],
295 silly audit   'parent-module': [ '1.0.1' ],
295 silly audit   'path-exists': [ '4.0.0' ],
295 silly audit   'path-key': [ '3.1.1' ],
295 silly audit   'path-parse': [ '1.0.7' ],
295 silly audit   picocolors: [ '1.1.1' ],
295 silly audit   picomatch: [ '2.3.1', '4.0.3' ],
295 silly audit   'possible-typed-array-names': [ '1.1.0' ],
295 silly audit   'prelude-ls': [ '1.2.1' ],
295 silly audit   'prop-types': [ '15.8.1' ],
295 silly audit   punycode: [ '2.3.1' ],
295 silly audit   'queue-microtask': [ '1.2.3' ],
295 silly audit   react: [ '19.1.0' ],
295 silly audit   'react-dom': [ '19.1.0' ],
295 silly audit   'react-is': [ '16.13.1' ],
295 silly audit   'reflect.getprototypeof': [ '1.0.10' ],
295 silly audit   'regexp.prototype.flags': [ '1.5.4' ],
295 silly audit   'resolve-from': [ '4.0.0' ],
295 silly audit   'resolve-pkg-maps': [ '1.0.0' ],
295 silly audit   reusify: [ '1.1.0' ],
295 silly audit   'run-parallel': [ '1.2.0' ],
295 silly audit   'safe-array-concat': [ '1.1.3' ],
295 silly audit   'safe-push-apply': [ '1.0.0' ],
295 silly audit   'safe-regex-test': [ '1.1.0' ],
295 silly audit   scheduler: [ '0.26.0' ],
295 silly audit   'set-function-length': [ '1.2.2' ],
295 silly audit   'set-function-name': [ '2.0.2' ],
295 silly audit   'set-proto': [ '1.0.0' ],
295 silly audit   sharp: [ '0.34.4' ],
295 silly audit   'shebang-command': [ '2.0.0' ],
295 silly audit   'shebang-regex': [ '3.0.0' ],
295 silly audit   'side-channel': [ '1.1.0' ],
295 silly audit   'side-channel-list': [ '1.0.0' ],
295 silly audit   'side-channel-map': [ '1.0.1' ],
295 silly audit   'side-channel-weakmap': [ '1.0.2' ],
295 silly audit   'source-map-js': [ '1.2.1' ],
295 silly audit   'stable-hash': [ '0.0.5' ],
295 silly audit   'stop-iteration-iterator': [ '1.1.0' ],
295 silly audit   'string.prototype.includes': [ '2.0.1' ],
295 silly audit   'string.prototype.matchall': [ '4.0.12' ],
295 silly audit   'string.prototype.repeat': [ '1.0.0' ],
295 silly audit   'string.prototype.trim': [ '1.2.10' ],
295 silly audit   'string.prototype.trimend': [ '1.0.9' ],
295 silly audit   'string.prototype.trimstart': [ '1.0.8' ],
295 silly audit   'strip-bom': [ '3.0.0' ],
295 silly audit   'strip-json-comments': [ '3.1.1' ],
295 silly audit   'styled-jsx': [ '5.1.6' ],
295 silly audit   'supports-color': [ '7.2.0' ],
295 silly audit   'supports-preserve-symlinks-flag': [ '1.0.0' ],
295 silly audit   tailwindcss: [ '4.1.13' ],
295 silly audit   tapable: [ '2.2.3' ],
295 silly audit   tar: [ '7.4.3' ],
295 silly audit   tinyglobby: [ '0.2.15' ],
295 silly audit   fdir: [ '6.5.0' ],
295 silly audit   'to-regex-range': [ '5.0.1' ],
295 silly audit   'ts-api-utils': [ '2.1.0' ],
295 silly audit   'tsconfig-paths': [ '3.15.0' ],
295 silly audit   tslib: [ '2.8.1' ],
295 silly audit   'type-check': [ '0.4.0' ],
295 silly audit   'typed-array-buffer': [ '1.0.3' ],
295 silly audit   'typed-array-byte-length': [ '1.0.3' ],
295 silly audit   'typed-array-byte-offset': [ '1.0.4' ],
295 silly audit   'typed-array-length': [ '1.0.7' ],
295 silly audit   typescript: [ '5.9.2' ],
295 silly audit   'unbox-primitive': [ '1.1.0' ],
295 silly audit   'undici-types': [ '6.21.0' ],
295 silly audit   'unrs-resolver': [ '1.11.1' ],
295 silly audit   'uri-js': [ '4.4.1' ],
295 silly audit   which: [ '2.0.2' ],
295 silly audit   'which-boxed-primitive': [ '1.1.1' ],
295 silly audit   'which-builtin-type': [ '1.2.1' ],
295 silly audit   'which-collection': [ '1.0.2' ],
295 silly audit   'which-typed-array': [ '1.1.19' ],
295 silly audit   'word-wrap': [ '1.2.5' ],
295 silly audit   yallist: [ '5.0.0' ],
295 silly audit   'yocto-queue': [ '0.1.0' ],
295 silly audit   '@radix-ui/react-accordion': [ '1.2.12' ],
295 silly audit   '@radix-ui/react-dialog': [ '1.1.15' ],
295 silly audit   '@radix-ui/react-slot': [ '1.2.3' ],
295 silly audit   '@radix-ui/react-tabs': [ '1.1.13' ],
295 silly audit   'class-variance-authority': [ '0.7.1' ],
295 silly audit   clsx: [ '2.1.1' ],
295 silly audit   'framer-motion': [ '12.23.16' ],
295 silly audit   'lucide-react': [ '0.544.0' ],
295 silly audit   sonner: [ '2.0.7' ],
295 silly audit   'tailwind-merge': [ '3.3.1' ],
295 silly audit   'tailwindcss-animate': [ '1.0.7' ],
295 silly audit   '@radix-ui/primitive': [ '1.1.3' ],
295 silly audit   '@radix-ui/react-collapsible': [ '1.1.12' ],
295 silly audit   '@radix-ui/react-collection': [ '1.1.7' ],
295 silly audit   '@radix-ui/react-compose-refs': [ '1.1.2' ],
295 silly audit   '@radix-ui/react-context': [ '1.1.2' ],
295 silly audit   '@radix-ui/react-direction': [ '1.1.1' ],
295 silly audit   '@radix-ui/react-id': [ '1.1.1' ],
295 silly audit   '@radix-ui/react-primitive': [ '2.1.3' ],
295 silly audit   '@radix-ui/react-use-controllable-state': [ '1.2.2' ],
295 silly audit   '@radix-ui/react-presence': [ '1.1.5' ],
295 silly audit   '@radix-ui/react-use-layout-effect': [ '1.1.1' ],
295 silly audit   '@radix-ui/react-dismissable-layer': [ '1.1.11' ],
295 silly audit   '@radix-ui/react-focus-guards': [ '1.1.3' ],
295 silly audit   '@radix-ui/react-focus-scope': [ '1.1.7' ],
295 silly audit   '@radix-ui/react-portal': [ '1.1.9' ],
295 silly audit   'aria-hidden': [ '1.2.6' ],
295 silly audit   'react-remove-scroll': [ '2.7.1' ],
295 silly audit   '@radix-ui/react-use-callback-ref': [ '1.1.1' ],
295 silly audit   '@radix-ui/react-use-escape-keydown': [ '1.1.1' ],
295 silly audit   '@radix-ui/react-roving-focus': [ '1.1.11' ],
295 silly audit   '@radix-ui/react-use-effect-event': [ '0.0.2' ],
295 silly audit   'motion-dom': [ '12.23.12' ],
295 silly audit   'motion-utils': [ '12.23.6' ],
295 silly audit   'react-remove-scroll-bar': [ '2.3.8' ],
295 silly audit   'react-style-singleton': [ '2.2.3' ],
295 silly audit   'use-callback-ref': [ '1.3.3' ],
295 silly audit   'use-sidecar': [ '1.1.3' ],
295 silly audit   'get-nonce': [ '1.0.1' ],
295 silly audit   'detect-node-es': [ '1.1.0' ],
295 silly audit   '@tailwindcss/oxide-wasm32-wasi': [ '4.1.13' ]
295 silly audit }
296 verbose reify failed optional dependency /Users/juan_oclock/Documents/ios-mobile/kansyl-landing/node_modules/lightningcss-win32-x64-msvc
297 silly reify mark deleted [
297 silly reify   '/Users/juan_oclock/Documents/ios-mobile/kansyl-landing/node_modules/lightningcss-win32-x64-msvc'
297 silly reify ]
298 verbose reify failed optional dependency /Users/juan_oclock/Documents/ios-mobile/kansyl-landing/node_modules/lightningcss-win32-arm64-msvc
299 silly reify mark deleted [
299 silly reify   '/Users/juan_oclock/Documents/ios-mobile/kansyl-landing/node_modules/lightningcss-win32-arm64-msvc'
299 silly reify ]
300 verbose reify failed optional dependency /Users/juan_oclock/Documents/ios-mobile/kansyl-landing/node_modules/lightningcss-linux-x64-musl
301 silly reify mark deleted [
301 silly reify   '/Users/juan_oclock/Documents/ios-mobile/kansyl-landing/node_modules/lightningcss-linux-x64-musl'
301 silly reify ]
302 verbose reify failed optional dependency /Users/juan_oclock/Documents/ios-mobile/kansyl-landing/node_modules/lightningcss-linux-x64-gnu
303 silly reify mark deleted [
303 silly reify   '/Users/juan_oclock/Documents/ios-mobile/kansyl-landing/node_modules/lightningcss-linux-x64-gnu'
303 silly reify ]
304 verbose reify failed optional dependency /Users/juan_oclock/Documents/ios-mobile/kansyl-landing/node_modules/lightningcss-linux-arm64-musl
305 silly reify mark deleted [
305 silly reify   '/Users/juan_oclock/Documents/ios-mobile/kansyl-landing/node_modules/lightningcss-linux-arm64-musl'
305 silly reify ]
306 verbose reify failed optional dependency /Users/juan_oclock/Documents/ios-mobile/kansyl-landing/node_modules/lightningcss-linux-arm64-gnu
307 silly reify mark deleted [
307 silly reify   '/Users/juan_oclock/Documents/ios-mobile/kansyl-landing/node_modules/lightningcss-linux-arm64-gnu'
307 silly reify ]
308 verbose reify failed optional dependency /Users/juan_oclock/Documents/ios-mobile/kansyl-landing/node_modules/lightningcss-linux-arm-gnueabihf
309 silly reify mark deleted [
309 silly reify   '/Users/juan_oclock/Documents/ios-mobile/kansyl-landing/node_modules/lightningcss-linux-arm-gnueabihf'
309 silly reify ]
310 verbose reify failed optional dependency /Users/juan_oclock/Documents/ios-mobile/kansyl-landing/node_modules/lightningcss-freebsd-x64
311 silly reify mark deleted [
311 silly reify   '/Users/juan_oclock/Documents/ios-mobile/kansyl-landing/node_modules/lightningcss-freebsd-x64'
311 silly reify ]
312 verbose reify failed optional dependency /Users/juan_oclock/Documents/ios-mobile/kansyl-landing/node_modules/lightningcss-darwin-x64
313 silly reify mark deleted [
313 silly reify   '/Users/juan_oclock/Documents/ios-mobile/kansyl-landing/node_modules/lightningcss-darwin-x64'
313 silly reify ]
314 verbose reify failed optional dependency /Users/juan_oclock/Documents/ios-mobile/kansyl-landing/node_modules/@unrs/resolver-binding-win32-x64-msvc
315 silly reify mark deleted [
315 silly reify   '/Users/juan_oclock/Documents/ios-mobile/kansyl-landing/node_modules/@unrs/resolver-binding-win32-x64-msvc'
315 silly reify ]
316 verbose reify failed optional dependency /Users/juan_oclock/Documents/ios-mobile/kansyl-landing/node_modules/@unrs/resolver-binding-win32-ia32-msvc
317 silly reify mark deleted [
317 silly reify   '/Users/juan_oclock/Documents/ios-mobile/kansyl-landing/node_modules/@unrs/resolver-binding-win32-ia32-msvc'
317 silly reify ]
318 verbose reify failed optional dependency /Users/juan_oclock/Documents/ios-mobile/kansyl-landing/node_modules/@unrs/resolver-binding-win32-arm64-msvc
319 silly reify mark deleted [
319 silly reify   '/Users/juan_oclock/Documents/ios-mobile/kansyl-landing/node_modules/@unrs/resolver-binding-win32-arm64-msvc'
319 silly reify ]
320 verbose reify failed optional dependency /Users/juan_oclock/Documents/ios-mobile/kansyl-landing/node_modules/@unrs/resolver-binding-wasm32-wasi
321 silly reify mark deleted [
321 silly reify   '/Users/juan_oclock/Documents/ios-mobile/kansyl-landing/node_modules/@unrs/resolver-binding-wasm32-wasi'
321 silly reify ]
322 verbose reify failed optional dependency /Users/juan_oclock/Documents/ios-mobile/kansyl-landing/node_modules/@unrs/resolver-binding-linux-x64-musl
323 silly reify mark deleted [
323 silly reify   '/Users/juan_oclock/Documents/ios-mobile/kansyl-landing/node_modules/@unrs/resolver-binding-linux-x64-musl'
323 silly reify ]
324 verbose reify failed optional dependency /Users/juan_oclock/Documents/ios-mobile/kansyl-landing/node_modules/@unrs/resolver-binding-linux-x64-gnu
325 silly reify mark deleted [
325 silly reify   '/Users/juan_oclock/Documents/ios-mobile/kansyl-landing/node_modules/@unrs/resolver-binding-linux-x64-gnu'
325 silly reify ]
326 verbose reify failed optional dependency /Users/juan_oclock/Documents/ios-mobile/kansyl-landing/node_modules/@unrs/resolver-binding-linux-s390x-gnu
327 silly reify mark deleted [
327 silly reify   '/Users/juan_oclock/Documents/ios-mobile/kansyl-landing/node_modules/@unrs/resolver-binding-linux-s390x-gnu'
327 silly reify ]
328 verbose reify failed optional dependency /Users/juan_oclock/Documents/ios-mobile/kansyl-landing/node_modules/@unrs/resolver-binding-linux-riscv64-musl
329 silly reify mark deleted [
329 silly reify   '/Users/juan_oclock/Documents/ios-mobile/kansyl-landing/node_modules/@unrs/resolver-binding-linux-riscv64-musl'
329 silly reify ]
330 verbose reify failed optional dependency /Users/juan_oclock/Documents/ios-mobile/kansyl-landing/node_modules/@unrs/resolver-binding-linux-riscv64-gnu
331 silly reify mark deleted [
331 silly reify   '/Users/juan_oclock/Documents/ios-mobile/kansyl-landing/node_modules/@unrs/resolver-binding-linux-riscv64-gnu'
331 silly reify ]
332 verbose reify failed optional dependency /Users/juan_oclock/Documents/ios-mobile/kansyl-landing/node_modules/@unrs/resolver-binding-linux-ppc64-gnu
333 silly reify mark deleted [
333 silly reify   '/Users/juan_oclock/Documents/ios-mobile/kansyl-landing/node_modules/@unrs/resolver-binding-linux-ppc64-gnu'
333 silly reify ]
334 verbose reify failed optional dependency /Users/juan_oclock/Documents/ios-mobile/kansyl-landing/node_modules/@unrs/resolver-binding-linux-arm64-musl
335 silly reify mark deleted [
335 silly reify   '/Users/juan_oclock/Documents/ios-mobile/kansyl-landing/node_modules/@unrs/resolver-binding-linux-arm64-musl'
335 silly reify ]
336 verbose reify failed optional dependency /Users/juan_oclock/Documents/ios-mobile/kansyl-landing/node_modules/@unrs/resolver-binding-linux-arm64-gnu
337 silly reify mark deleted [
337 silly reify   '/Users/juan_oclock/Documents/ios-mobile/kansyl-landing/node_modules/@unrs/resolver-binding-linux-arm64-gnu'
337 silly reify ]
338 verbose reify failed optional dependency /Users/juan_oclock/Documents/ios-mobile/kansyl-landing/node_modules/@unrs/resolver-binding-linux-arm-musleabihf
339 silly reify mark deleted [
339 silly reify   '/Users/juan_oclock/Documents/ios-mobile/kansyl-landing/node_modules/@unrs/resolver-binding-linux-arm-musleabihf'
339 silly reify ]
340 verbose reify failed optional dependency /Users/juan_oclock/Documents/ios-mobile/kansyl-landing/node_modules/@unrs/resolver-binding-linux-arm-gnueabihf
341 silly reify mark deleted [
341 silly reify   '/Users/juan_oclock/Documents/ios-mobile/kansyl-landing/node_modules/@unrs/resolver-binding-linux-arm-gnueabihf'
341 silly reify ]
342 verbose reify failed optional dependency /Users/juan_oclock/Documents/ios-mobile/kansyl-landing/node_modules/@unrs/resolver-binding-freebsd-x64
343 silly reify mark deleted [
343 silly reify   '/Users/juan_oclock/Documents/ios-mobile/kansyl-landing/node_modules/@unrs/resolver-binding-freebsd-x64'
343 silly reify ]
344 verbose reify failed optional dependency /Users/juan_oclock/Documents/ios-mobile/kansyl-landing/node_modules/@unrs/resolver-binding-darwin-x64
345 silly reify mark deleted [
345 silly reify   '/Users/juan_oclock/Documents/ios-mobile/kansyl-landing/node_modules/@unrs/resolver-binding-darwin-x64'
345 silly reify ]
346 verbose reify failed optional dependency /Users/juan_oclock/Documents/ios-mobile/kansyl-landing/node_modules/@unrs/resolver-binding-android-arm64
347 silly reify mark deleted [
347 silly reify   '/Users/juan_oclock/Documents/ios-mobile/kansyl-landing/node_modules/@unrs/resolver-binding-android-arm64'
347 silly reify ]
348 verbose reify failed optional dependency /Users/juan_oclock/Documents/ios-mobile/kansyl-landing/node_modules/@unrs/resolver-binding-android-arm-eabi
349 silly reify mark deleted [
349 silly reify   '/Users/juan_oclock/Documents/ios-mobile/kansyl-landing/node_modules/@unrs/resolver-binding-android-arm-eabi'
349 silly reify ]
350 verbose reify failed optional dependency /Users/juan_oclock/Documents/ios-mobile/kansyl-landing/node_modules/@tailwindcss/oxide-win32-x64-msvc
351 silly reify mark deleted [
351 silly reify   '/Users/juan_oclock/Documents/ios-mobile/kansyl-landing/node_modules/@tailwindcss/oxide-win32-x64-msvc'
351 silly reify ]
352 verbose reify failed optional dependency /Users/juan_oclock/Documents/ios-mobile/kansyl-landing/node_modules/@tailwindcss/oxide-win32-arm64-msvc
353 silly reify mark deleted [
353 silly reify   '/Users/juan_oclock/Documents/ios-mobile/kansyl-landing/node_modules/@tailwindcss/oxide-win32-arm64-msvc'
353 silly reify ]
354 verbose reify failed optional dependency /Users/juan_oclock/Documents/ios-mobile/kansyl-landing/node_modules/@tailwindcss/oxide-linux-x64-musl
355 silly reify mark deleted [
355 silly reify   '/Users/juan_oclock/Documents/ios-mobile/kansyl-landing/node_modules/@tailwindcss/oxide-linux-x64-musl'
355 silly reify ]
356 verbose reify failed optional dependency /Users/juan_oclock/Documents/ios-mobile/kansyl-landing/node_modules/@tailwindcss/oxide-linux-x64-gnu
357 silly reify mark deleted [
357 silly reify   '/Users/juan_oclock/Documents/ios-mobile/kansyl-landing/node_modules/@tailwindcss/oxide-linux-x64-gnu'
357 silly reify ]
358 verbose reify failed optional dependency /Users/juan_oclock/Documents/ios-mobile/kansyl-landing/node_modules/@tailwindcss/oxide-linux-arm64-musl
359 silly reify mark deleted [
359 silly reify   '/Users/juan_oclock/Documents/ios-mobile/kansyl-landing/node_modules/@tailwindcss/oxide-linux-arm64-musl'
359 silly reify ]
360 verbose reify failed optional dependency /Users/juan_oclock/Documents/ios-mobile/kansyl-landing/node_modules/@tailwindcss/oxide-linux-arm64-gnu
361 silly reify mark deleted [
361 silly reify   '/Users/juan_oclock/Documents/ios-mobile/kansyl-landing/node_modules/@tailwindcss/oxide-linux-arm64-gnu'
361 silly reify ]
362 verbose reify failed optional dependency /Users/juan_oclock/Documents/ios-mobile/kansyl-landing/node_modules/@tailwindcss/oxide-linux-arm-gnueabihf
363 silly reify mark deleted [
363 silly reify   '/Users/juan_oclock/Documents/ios-mobile/kansyl-landing/node_modules/@tailwindcss/oxide-linux-arm-gnueabihf'
363 silly reify ]
364 verbose reify failed optional dependency /Users/juan_oclock/Documents/ios-mobile/kansyl-landing/node_modules/@tailwindcss/oxide-freebsd-x64
365 silly reify mark deleted [
365 silly reify   '/Users/juan_oclock/Documents/ios-mobile/kansyl-landing/node_modules/@tailwindcss/oxide-freebsd-x64'
365 silly reify ]
366 verbose reify failed optional dependency /Users/juan_oclock/Documents/ios-mobile/kansyl-landing/node_modules/@tailwindcss/oxide-darwin-x64
367 silly reify mark deleted [
367 silly reify   '/Users/juan_oclock/Documents/ios-mobile/kansyl-landing/node_modules/@tailwindcss/oxide-darwin-x64'
367 silly reify ]
368 verbose reify failed optional dependency /Users/juan_oclock/Documents/ios-mobile/kansyl-landing/node_modules/@tailwindcss/oxide-android-arm64
369 silly reify mark deleted [
369 silly reify   '/Users/juan_oclock/Documents/ios-mobile/kansyl-landing/node_modules/@tailwindcss/oxide-android-arm64'
369 silly reify ]
370 verbose reify failed optional dependency /Users/juan_oclock/Documents/ios-mobile/kansyl-landing/node_modules/@next/swc-win32-x64-msvc
371 silly reify mark deleted [
371 silly reify   '/Users/juan_oclock/Documents/ios-mobile/kansyl-landing/node_modules/@next/swc-win32-x64-msvc'
371 silly reify ]
372 verbose reify failed optional dependency /Users/juan_oclock/Documents/ios-mobile/kansyl-landing/node_modules/@next/swc-win32-arm64-msvc
373 silly reify mark deleted [
373 silly reify   '/Users/juan_oclock/Documents/ios-mobile/kansyl-landing/node_modules/@next/swc-win32-arm64-msvc'
373 silly reify ]
374 verbose reify failed optional dependency /Users/juan_oclock/Documents/ios-mobile/kansyl-landing/node_modules/@next/swc-linux-x64-musl
375 silly reify mark deleted [
375 silly reify   '/Users/juan_oclock/Documents/ios-mobile/kansyl-landing/node_modules/@next/swc-linux-x64-musl'
375 silly reify ]
376 verbose reify failed optional dependency /Users/juan_oclock/Documents/ios-mobile/kansyl-landing/node_modules/@next/swc-linux-x64-gnu
377 silly reify mark deleted [
377 silly reify   '/Users/juan_oclock/Documents/ios-mobile/kansyl-landing/node_modules/@next/swc-linux-x64-gnu'
377 silly reify ]
378 verbose reify failed optional dependency /Users/juan_oclock/Documents/ios-mobile/kansyl-landing/node_modules/@next/swc-linux-arm64-musl
379 silly reify mark deleted [
379 silly reify   '/Users/juan_oclock/Documents/ios-mobile/kansyl-landing/node_modules/@next/swc-linux-arm64-musl'
379 silly reify ]
380 verbose reify failed optional dependency /Users/juan_oclock/Documents/ios-mobile/kansyl-landing/node_modules/@next/swc-linux-arm64-gnu
381 silly reify mark deleted [
381 silly reify   '/Users/juan_oclock/Documents/ios-mobile/kansyl-landing/node_modules/@next/swc-linux-arm64-gnu'
381 silly reify ]
382 verbose reify failed optional dependency /Users/juan_oclock/Documents/ios-mobile/kansyl-landing/node_modules/@next/swc-darwin-x64
383 silly reify mark deleted [
383 silly reify   '/Users/juan_oclock/Documents/ios-mobile/kansyl-landing/node_modules/@next/swc-darwin-x64'
383 silly reify ]
384 verbose reify failed optional dependency /Users/juan_oclock/Documents/ios-mobile/kansyl-landing/node_modules/@img/sharp-win32-x64
385 silly reify mark deleted [
385 silly reify   '/Users/juan_oclock/Documents/ios-mobile/kansyl-landing/node_modules/@img/sharp-win32-x64'
385 silly reify ]
386 verbose reify failed optional dependency /Users/juan_oclock/Documents/ios-mobile/kansyl-landing/node_modules/@img/sharp-win32-ia32
387 silly reify mark deleted [
387 silly reify   '/Users/juan_oclock/Documents/ios-mobile/kansyl-landing/node_modules/@img/sharp-win32-ia32'
387 silly reify ]
388 verbose reify failed optional dependency /Users/juan_oclock/Documents/ios-mobile/kansyl-landing/node_modules/@img/sharp-win32-arm64
389 silly reify mark deleted [
389 silly reify   '/Users/juan_oclock/Documents/ios-mobile/kansyl-landing/node_modules/@img/sharp-win32-arm64'
389 silly reify ]
390 verbose reify failed optional dependency /Users/juan_oclock/Documents/ios-mobile/kansyl-landing/node_modules/@img/sharp-wasm32
391 silly reify mark deleted [
391 silly reify   '/Users/juan_oclock/Documents/ios-mobile/kansyl-landing/node_modules/@img/sharp-wasm32'
391 silly reify ]
392 verbose reify failed optional dependency /Users/juan_oclock/Documents/ios-mobile/kansyl-landing/node_modules/@img/sharp-linuxmusl-x64
393 silly reify mark deleted [
393 silly reify   '/Users/juan_oclock/Documents/ios-mobile/kansyl-landing/node_modules/@img/sharp-linuxmusl-x64'
393 silly reify ]
394 verbose reify failed optional dependency /Users/juan_oclock/Documents/ios-mobile/kansyl-landing/node_modules/@img/sharp-linuxmusl-arm64
395 silly reify mark deleted [
395 silly reify   '/Users/juan_oclock/Documents/ios-mobile/kansyl-landing/node_modules/@img/sharp-linuxmusl-arm64'
395 silly reify ]
396 verbose reify failed optional dependency /Users/juan_oclock/Documents/ios-mobile/kansyl-landing/node_modules/@img/sharp-linux-x64
397 silly reify mark deleted [
397 silly reify   '/Users/juan_oclock/Documents/ios-mobile/kansyl-landing/node_modules/@img/sharp-linux-x64'
397 silly reify ]
398 verbose reify failed optional dependency /Users/juan_oclock/Documents/ios-mobile/kansyl-landing/node_modules/@img/sharp-linux-s390x
399 silly reify mark deleted [
399 silly reify   '/Users/juan_oclock/Documents/ios-mobile/kansyl-landing/node_modules/@img/sharp-linux-s390x'
399 silly reify ]
400 verbose reify failed optional dependency /Users/juan_oclock/Documents/ios-mobile/kansyl-landing/node_modules/@img/sharp-linux-ppc64
401 silly reify mark deleted [
401 silly reify   '/Users/juan_oclock/Documents/ios-mobile/kansyl-landing/node_modules/@img/sharp-linux-ppc64'
401 silly reify ]
402 verbose reify failed optional dependency /Users/juan_oclock/Documents/ios-mobile/kansyl-landing/node_modules/@img/sharp-linux-arm64
403 silly reify mark deleted [
403 silly reify   '/Users/juan_oclock/Documents/ios-mobile/kansyl-landing/node_modules/@img/sharp-linux-arm64'
403 silly reify ]
404 verbose reify failed optional dependency /Users/juan_oclock/Documents/ios-mobile/kansyl-landing/node_modules/@img/sharp-linux-arm
405 silly reify mark deleted [
405 silly reify   '/Users/juan_oclock/Documents/ios-mobile/kansyl-landing/node_modules/@img/sharp-linux-arm'
405 silly reify ]
406 verbose reify failed optional dependency /Users/juan_oclock/Documents/ios-mobile/kansyl-landing/node_modules/@img/sharp-libvips-linuxmusl-x64
407 silly reify mark deleted [
407 silly reify   '/Users/juan_oclock/Documents/ios-mobile/kansyl-landing/node_modules/@img/sharp-libvips-linuxmusl-x64'
407 silly reify ]
408 verbose reify failed optional dependency /Users/juan_oclock/Documents/ios-mobile/kansyl-landing/node_modules/@img/sharp-libvips-linuxmusl-arm64
409 silly reify mark deleted [
409 silly reify   '/Users/juan_oclock/Documents/ios-mobile/kansyl-landing/node_modules/@img/sharp-libvips-linuxmusl-arm64'
409 silly reify ]
410 verbose reify failed optional dependency /Users/juan_oclock/Documents/ios-mobile/kansyl-landing/node_modules/@img/sharp-libvips-linux-x64
411 silly reify mark deleted [
411 silly reify   '/Users/juan_oclock/Documents/ios-mobile/kansyl-landing/node_modules/@img/sharp-libvips-linux-x64'
411 silly reify ]
412 verbose reify failed optional dependency /Users/juan_oclock/Documents/ios-mobile/kansyl-landing/node_modules/@img/sharp-libvips-linux-s390x
413 silly reify mark deleted [
413 silly reify   '/Users/juan_oclock/Documents/ios-mobile/kansyl-landing/node_modules/@img/sharp-libvips-linux-s390x'
413 silly reify ]
414 verbose reify failed optional dependency /Users/juan_oclock/Documents/ios-mobile/kansyl-landing/node_modules/@img/sharp-libvips-linux-ppc64
415 silly reify mark deleted [
415 silly reify   '/Users/juan_oclock/Documents/ios-mobile/kansyl-landing/node_modules/@img/sharp-libvips-linux-ppc64'
415 silly reify ]
416 verbose reify failed optional dependency /Users/juan_oclock/Documents/ios-mobile/kansyl-landing/node_modules/@img/sharp-libvips-linux-arm64
417 silly reify mark deleted [
417 silly reify   '/Users/juan_oclock/Documents/ios-mobile/kansyl-landing/node_modules/@img/sharp-libvips-linux-arm64'
417 silly reify ]
418 verbose reify failed optional dependency /Users/juan_oclock/Documents/ios-mobile/kansyl-landing/node_modules/@img/sharp-libvips-linux-arm
419 silly reify mark deleted [
419 silly reify   '/Users/juan_oclock/Documents/ios-mobile/kansyl-landing/node_modules/@img/sharp-libvips-linux-arm'
419 silly reify ]
420 verbose reify failed optional dependency /Users/juan_oclock/Documents/ios-mobile/kansyl-landing/node_modules/@img/sharp-libvips-darwin-x64
421 silly reify mark deleted [
421 silly reify   '/Users/juan_oclock/Documents/ios-mobile/kansyl-landing/node_modules/@img/sharp-libvips-darwin-x64'
421 silly reify ]
422 verbose reify failed optional dependency /Users/juan_oclock/Documents/ios-mobile/kansyl-landing/node_modules/@img/sharp-darwin-x64
423 silly reify mark deleted [
423 silly reify   '/Users/juan_oclock/Documents/ios-mobile/kansyl-landing/node_modules/@img/sharp-darwin-x64'
423 silly reify ]
424 http cache detect-node-es@https://registry.npmjs.org/detect-node-es/-/detect-node-es-1.1.0.tgz 0ms (cache hit)
425 http cache react-style-singleton@https://registry.npmjs.org/react-style-singleton/-/react-style-singleton-2.2.3.tgz 0ms (cache hit)
426 http cache get-nonce@https://registry.npmjs.org/get-nonce/-/get-nonce-1.0.1.tgz 0ms (cache hit)
427 http cache react-remove-scroll-bar@https://registry.npmjs.org/react-remove-scroll-bar/-/react-remove-scroll-bar-2.3.8.tgz 0ms (cache hit)
428 http cache motion-utils@https://registry.npmjs.org/motion-utils/-/motion-utils-12.23.6.tgz 0ms (cache hit)
429 http cache motion-dom@https://registry.npmjs.org/motion-dom/-/motion-dom-12.23.12.tgz 0ms (cache hit)
430 http cache @radix-ui/react-use-effect-event@https://registry.npmjs.org/@radix-ui/react-use-effect-event/-/react-use-effect-event-0.0.2.tgz 0ms (cache hit)
431 http cache @radix-ui/react-roving-focus@https://registry.npmjs.org/@radix-ui/react-roving-focus/-/react-roving-focus-1.1.11.tgz 0ms (cache hit)
432 http cache @radix-ui/react-use-escape-keydown@https://registry.npmjs.org/@radix-ui/react-use-escape-keydown/-/react-use-escape-keydown-1.1.1.tgz 0ms (cache hit)
433 http cache @radix-ui/react-use-callback-ref@https://registry.npmjs.org/@radix-ui/react-use-callback-ref/-/react-use-callback-ref-1.1.1.tgz 0ms (cache hit)
434 http cache react-remove-scroll@https://registry.npmjs.org/react-remove-scroll/-/react-remove-scroll-2.7.1.tgz 0ms (cache hit)
435 http cache @radix-ui/react-portal@https://registry.npmjs.org/@radix-ui/react-portal/-/react-portal-1.1.9.tgz 0ms (cache hit)
436 http cache @radix-ui/react-focus-scope@https://registry.npmjs.org/@radix-ui/react-focus-scope/-/react-focus-scope-1.1.7.tgz 0ms (cache hit)
437 http cache aria-hidden@https://registry.npmjs.org/aria-hidden/-/aria-hidden-1.2.6.tgz 0ms (cache hit)
438 http cache use-sidecar@https://registry.npmjs.org/use-sidecar/-/use-sidecar-1.1.3.tgz 0ms (cache hit)
439 http cache @radix-ui/react-focus-guards@https://registry.npmjs.org/@radix-ui/react-focus-guards/-/react-focus-guards-1.1.3.tgz 0ms (cache hit)
440 http cache @radix-ui/react-presence@https://registry.npmjs.org/@radix-ui/react-presence/-/react-presence-1.1.5.tgz 0ms (cache hit)
441 http cache @radix-ui/react-use-controllable-state@https://registry.npmjs.org/@radix-ui/react-use-controllable-state/-/react-use-controllable-state-1.2.2.tgz 0ms (cache hit)
442 http cache @radix-ui/react-use-layout-effect@https://registry.npmjs.org/@radix-ui/react-use-layout-effect/-/react-use-layout-effect-1.1.1.tgz 0ms (cache hit)
443 http cache use-callback-ref@https://registry.npmjs.org/use-callback-ref/-/use-callback-ref-1.3.3.tgz 0ms (cache hit)
444 http cache @radix-ui/react-dismissable-layer@https://registry.npmjs.org/@radix-ui/react-dismissable-layer/-/react-dismissable-layer-1.1.11.tgz 0ms (cache hit)
445 http cache @radix-ui/react-id@https://registry.npmjs.org/@radix-ui/react-id/-/react-id-1.1.1.tgz 0ms (cache hit)
446 http cache @radix-ui/react-direction@https://registry.npmjs.org/@radix-ui/react-direction/-/react-direction-1.1.1.tgz 0ms (cache hit)
447 http cache @radix-ui/react-compose-refs@https://registry.npmjs.org/@radix-ui/react-compose-refs/-/react-compose-refs-1.1.2.tgz 0ms (cache hit)
448 http cache @radix-ui/react-context@https://registry.npmjs.org/@radix-ui/react-context/-/react-context-1.1.2.tgz 0ms (cache hit)
449 http cache @radix-ui/react-collapsible@https://registry.npmjs.org/@radix-ui/react-collapsible/-/react-collapsible-1.1.12.tgz 0ms (cache hit)
450 http cache @radix-ui/primitive@https://registry.npmjs.org/@radix-ui/primitive/-/primitive-1.1.3.tgz 0ms (cache hit)
451 http cache tailwindcss-animate@https://registry.npmjs.org/tailwindcss-animate/-/tailwindcss-animate-1.0.7.tgz 0ms (cache hit)
452 http cache tailwind-merge@https://registry.npmjs.org/tailwind-merge/-/tailwind-merge-3.3.1.tgz 0ms (cache hit)
453 http cache sonner@https://registry.npmjs.org/sonner/-/sonner-2.0.7.tgz 0ms (cache hit)
454 http cache lucide-react@https://registry.npmjs.org/lucide-react/-/lucide-react-0.544.0.tgz 0ms (cache hit)
455 http cache framer-motion@https://registry.npmjs.org/framer-motion/-/framer-motion-12.23.16.tgz 0ms (cache hit)
456 http cache clsx@https://registry.npmjs.org/clsx/-/clsx-2.1.1.tgz 0ms (cache hit)
457 http cache class-variance-authority@https://registry.npmjs.org/class-variance-authority/-/class-variance-authority-0.7.1.tgz 0ms (cache hit)
458 http cache @radix-ui/react-tabs@https://registry.npmjs.org/@radix-ui/react-tabs/-/react-tabs-1.1.13.tgz 0ms (cache hit)
459 http cache @radix-ui/react-slot@https://registry.npmjs.org/@radix-ui/react-slot/-/react-slot-1.2.3.tgz 0ms (cache hit)
460 http cache @radix-ui/react-accordion@https://registry.npmjs.org/@radix-ui/react-accordion/-/react-accordion-1.2.12.tgz 0ms (cache hit)
461 http cache @radix-ui/react-primitive@https://registry.npmjs.org/@radix-ui/react-primitive/-/react-primitive-2.1.3.tgz 0ms (cache hit)
462 http cache @radix-ui/react-collection@https://registry.npmjs.org/@radix-ui/react-collection/-/react-collection-1.1.7.tgz 0ms (cache hit)
463 silly tarball no local data for detect-node-es@https://registry.npmjs.org/detect-node-es/-/detect-node-es-1.1.0.tgz. Extracting by manifest.
464 http cache @radix-ui/react-dialog@https://registry.npmjs.org/@radix-ui/react-dialog/-/react-dialog-1.1.15.tgz 0ms (cache hit)
465 silly tarball no local data for react-style-singleton@https://registry.npmjs.org/react-style-singleton/-/react-style-singleton-2.2.3.tgz. Extracting by manifest.
466 silly tarball no local data for get-nonce@https://registry.npmjs.org/get-nonce/-/get-nonce-1.0.1.tgz. Extracting by manifest.
467 silly tarball no local data for motion-utils@https://registry.npmjs.org/motion-utils/-/motion-utils-12.23.6.tgz. Extracting by manifest.
468 silly tarball no local data for motion-dom@https://registry.npmjs.org/motion-dom/-/motion-dom-12.23.12.tgz. Extracting by manifest.
469 silly tarball no local data for @radix-ui/react-use-effect-event@https://registry.npmjs.org/@radix-ui/react-use-effect-event/-/react-use-effect-event-0.0.2.tgz. Extracting by manifest.
470 silly tarball no local data for @radix-ui/react-roving-focus@https://registry.npmjs.org/@radix-ui/react-roving-focus/-/react-roving-focus-1.1.11.tgz. Extracting by manifest.
471 silly tarball no local data for react-remove-scroll-bar@https://registry.npmjs.org/react-remove-scroll-bar/-/react-remove-scroll-bar-2.3.8.tgz. Extracting by manifest.
472 silly tarball no local data for @radix-ui/react-use-escape-keydown@https://registry.npmjs.org/@radix-ui/react-use-escape-keydown/-/react-use-escape-keydown-1.1.1.tgz. Extracting by manifest.
473 silly tarball no local data for @radix-ui/react-use-callback-ref@https://registry.npmjs.org/@radix-ui/react-use-callback-ref/-/react-use-callback-ref-1.1.1.tgz. Extracting by manifest.
474 silly tarball no local data for react-remove-scroll@https://registry.npmjs.org/react-remove-scroll/-/react-remove-scroll-2.7.1.tgz. Extracting by manifest.
475 silly tarball no local data for @radix-ui/react-focus-scope@https://registry.npmjs.org/@radix-ui/react-focus-scope/-/react-focus-scope-1.1.7.tgz. Extracting by manifest.
476 silly tarball no local data for use-sidecar@https://registry.npmjs.org/use-sidecar/-/use-sidecar-1.1.3.tgz. Extracting by manifest.
477 silly tarball no local data for @radix-ui/react-portal@https://registry.npmjs.org/@radix-ui/react-portal/-/react-portal-1.1.9.tgz. Extracting by manifest.
478 silly tarball no local data for @radix-ui/react-focus-guards@https://registry.npmjs.org/@radix-ui/react-focus-guards/-/react-focus-guards-1.1.3.tgz. Extracting by manifest.
479 silly tarball no local data for aria-hidden@https://registry.npmjs.org/aria-hidden/-/aria-hidden-1.2.6.tgz. Extracting by manifest.
480 silly tarball no local data for @radix-ui/react-use-controllable-state@https://registry.npmjs.org/@radix-ui/react-use-controllable-state/-/react-use-controllable-state-1.2.2.tgz. Extracting by manifest.
481 silly tarball no local data for @radix-ui/react-use-layout-effect@https://registry.npmjs.org/@radix-ui/react-use-layout-effect/-/react-use-layout-effect-1.1.1.tgz. Extracting by manifest.
482 silly tarball no local data for use-callback-ref@https://registry.npmjs.org/use-callback-ref/-/use-callback-ref-1.3.3.tgz. Extracting by manifest.
483 silly tarball no local data for @radix-ui/react-dismissable-layer@https://registry.npmjs.org/@radix-ui/react-dismissable-layer/-/react-dismissable-layer-1.1.11.tgz. Extracting by manifest.
484 silly tarball no local data for @radix-ui/react-presence@https://registry.npmjs.org/@radix-ui/react-presence/-/react-presence-1.1.5.tgz. Extracting by manifest.
485 silly tarball no local data for @radix-ui/react-id@https://registry.npmjs.org/@radix-ui/react-id/-/react-id-1.1.1.tgz. Extracting by manifest.
486 silly tarball no local data for @radix-ui/react-direction@https://registry.npmjs.org/@radix-ui/react-direction/-/react-direction-1.1.1.tgz. Extracting by manifest.
487 silly tarball no local data for @radix-ui/react-compose-refs@https://registry.npmjs.org/@radix-ui/react-compose-refs/-/react-compose-refs-1.1.2.tgz. Extracting by manifest.
488 silly tarball no local data for @radix-ui/react-collapsible@https://registry.npmjs.org/@radix-ui/react-collapsible/-/react-collapsible-1.1.12.tgz. Extracting by manifest.
489 silly tarball no local data for @radix-ui/primitive@https://registry.npmjs.org/@radix-ui/primitive/-/primitive-1.1.3.tgz. Extracting by manifest.
490 silly tarball no local data for tailwindcss-animate@https://registry.npmjs.org/tailwindcss-animate/-/tailwindcss-animate-1.0.7.tgz. Extracting by manifest.
491 silly tarball no local data for @radix-ui/react-context@https://registry.npmjs.org/@radix-ui/react-context/-/react-context-1.1.2.tgz. Extracting by manifest.
492 silly tarball no local data for tailwind-merge@https://registry.npmjs.org/tailwind-merge/-/tailwind-merge-3.3.1.tgz. Extracting by manifest.
493 silly tarball no local data for sonner@https://registry.npmjs.org/sonner/-/sonner-2.0.7.tgz. Extracting by manifest.
494 silly tarball no local data for lucide-react@https://registry.npmjs.org/lucide-react/-/lucide-react-0.544.0.tgz. Extracting by manifest.
495 silly tarball no local data for framer-motion@https://registry.npmjs.org/framer-motion/-/framer-motion-12.23.16.tgz. Extracting by manifest.
496 silly tarball no local data for clsx@https://registry.npmjs.org/clsx/-/clsx-2.1.1.tgz. Extracting by manifest.
497 silly tarball no local data for class-variance-authority@https://registry.npmjs.org/class-variance-authority/-/class-variance-authority-0.7.1.tgz. Extracting by manifest.
498 silly tarball no local data for @radix-ui/react-tabs@https://registry.npmjs.org/@radix-ui/react-tabs/-/react-tabs-1.1.13.tgz. Extracting by manifest.
499 silly tarball no local data for @radix-ui/react-slot@https://registry.npmjs.org/@radix-ui/react-slot/-/react-slot-1.2.3.tgz. Extracting by manifest.
500 silly tarball no local data for @radix-ui/react-accordion@https://registry.npmjs.org/@radix-ui/react-accordion/-/react-accordion-1.2.12.tgz. Extracting by manifest.
501 silly tarball no local data for @radix-ui/react-primitive@https://registry.npmjs.org/@radix-ui/react-primitive/-/react-primitive-2.1.3.tgz. Extracting by manifest.
502 silly tarball no local data for @radix-ui/react-collection@https://registry.npmjs.org/@radix-ui/react-collection/-/react-collection-1.1.7.tgz. Extracting by manifest.
503 silly tarball no local data for @radix-ui/react-dialog@https://registry.npmjs.org/@radix-ui/react-dialog/-/react-dialog-1.1.15.tgz. Extracting by manifest.
504 http fetch GET 200 https://registry.npmjs.org/get-nonce/-/get-nonce-1.0.1.tgz 253ms (cache miss)
505 http fetch GET 200 https://registry.npmjs.org/detect-node-es/-/detect-node-es-1.1.0.tgz 255ms (cache miss)
506 http fetch GET 200 https://registry.npmjs.org/react-remove-scroll-bar/-/react-remove-scroll-bar-2.3.8.tgz 257ms (cache miss)
507 http fetch GET 200 https://registry.npmjs.org/motion-utils/-/motion-utils-12.23.6.tgz 431ms (cache miss)
508 http fetch GET 200 https://registry.npmjs.org/@radix-ui/react-roving-focus/-/react-roving-focus-1.1.11.tgz 446ms (cache miss)
509 http fetch GET 200 https://registry.npmjs.org/aria-hidden/-/aria-hidden-1.2.6.tgz 467ms (cache miss)
510 http fetch GET 200 https://registry.npmjs.org/react-style-singleton/-/react-style-singleton-2.2.3.tgz 477ms (cache miss)
511 http fetch GET 200 https://registry.npmjs.org/@radix-ui/react-use-controllable-state/-/react-use-controllable-state-1.2.2.tgz 518ms (cache miss)
512 http fetch GET 200 https://registry.npmjs.org/@radix-ui/react-use-layout-effect/-/react-use-layout-effect-1.1.1.tgz 659ms (cache miss)
513 http fetch GET 200 https://registry.npmjs.org/use-callback-ref/-/use-callback-ref-1.3.3.tgz 661ms (cache miss)
514 http fetch GET 200 https://registry.npmjs.org/motion-dom/-/motion-dom-12.23.12.tgz 688ms (cache miss)
515 http fetch GET 200 https://registry.npmjs.org/@radix-ui/react-dismissable-layer/-/react-dismissable-layer-1.1.11.tgz 693ms (cache miss)
516 http fetch GET 200 https://registry.npmjs.org/@radix-ui/react-presence/-/react-presence-1.1.5.tgz 706ms (cache miss)
517 http fetch GET 200 https://registry.npmjs.org/@radix-ui/react-id/-/react-id-1.1.1.tgz 729ms (cache miss)
518 http fetch GET 200 https://registry.npmjs.org/@radix-ui/react-use-effect-event/-/react-use-effect-event-0.0.2.tgz 776ms (cache miss)
519 http fetch POST 200 https://registry.npmjs.org/-/npm/v1/security/advisories/bulk 788ms
520 silly audit report {}
521 http fetch GET 200 https://registry.npmjs.org/use-sidecar/-/use-sidecar-1.1.3.tgz 782ms (cache miss)
522 http fetch GET 200 https://registry.npmjs.org/react-remove-scroll/-/react-remove-scroll-2.7.1.tgz 829ms (cache miss)
523 http fetch GET 200 https://registry.npmjs.org/@radix-ui/react-collapsible/-/react-collapsible-1.1.12.tgz 855ms (cache miss)
524 http fetch GET 200 https://registry.npmjs.org/@radix-ui/primitive/-/primitive-1.1.3.tgz 866ms (cache miss)
525 http fetch GET 200 https://registry.npmjs.org/tailwindcss-animate/-/tailwindcss-animate-1.0.7.tgz 885ms (cache miss)
526 http fetch GET 200 https://registry.npmjs.org/clsx/-/clsx-2.1.1.tgz 1021ms (cache miss)
527 http fetch GET 200 https://registry.npmjs.org/@radix-ui/react-focus-guards/-/react-focus-guards-1.1.3.tgz 1023ms (cache miss)
528 http fetch GET 200 https://registry.npmjs.org/sonner/-/sonner-2.0.7.tgz 1046ms (cache miss)
529 http fetch GET 200 https://registry.npmjs.org/class-variance-authority/-/class-variance-authority-0.7.1.tgz 1058ms (cache miss)
530 http fetch GET 200 https://registry.npmjs.org/@radix-ui/react-slot/-/react-slot-1.2.3.tgz 1263ms (cache miss)
531 http fetch GET 200 https://registry.npmjs.org/@radix-ui/react-tabs/-/react-tabs-1.1.13.tgz 1343ms (cache miss)
532 http fetch GET 200 https://registry.npmjs.org/@radix-ui/react-portal/-/react-portal-1.1.9.tgz 1392ms (cache miss)
533 http fetch GET 200 https://registry.npmjs.org/@radix-ui/react-use-escape-keydown/-/react-use-escape-keydown-1.1.1.tgz 1401ms (cache miss)
534 http fetch GET 200 https://registry.npmjs.org/@radix-ui/react-direction/-/react-direction-1.1.1.tgz 1428ms (cache miss)
535 http fetch GET 200 https://registry.npmjs.org/@radix-ui/react-accordion/-/react-accordion-1.2.12.tgz 1482ms (cache miss)
536 http fetch GET 200 https://registry.npmjs.org/@radix-ui/react-compose-refs/-/react-compose-refs-1.1.2.tgz 1568ms (cache miss)
537 http fetch GET 200 https://registry.npmjs.org/@radix-ui/react-context/-/react-context-1.1.2.tgz 1571ms (cache miss)
538 http fetch GET 200 https://registry.npmjs.org/framer-motion/-/framer-motion-12.23.16.tgz 1574ms (cache miss)
539 http fetch GET 200 https://registry.npmjs.org/@radix-ui/react-use-callback-ref/-/react-use-callback-ref-1.1.1.tgz 1619ms (cache miss)
540 http fetch GET 200 https://registry.npmjs.org/tailwind-merge/-/tailwind-merge-3.3.1.tgz 1633ms (cache miss)
541 http fetch GET 200 https://registry.npmjs.org/@radix-ui/react-collection/-/react-collection-1.1.7.tgz 1813ms (cache miss)
542 http fetch GET 200 https://registry.npmjs.org/@radix-ui/react-dialog/-/react-dialog-1.1.15.tgz 1859ms (cache miss)
543 http fetch GET 200 https://registry.npmjs.org/@radix-ui/react-primitive/-/react-primitive-2.1.3.tgz 1956ms (cache miss)
544 http fetch GET 200 https://registry.npmjs.org/@radix-ui/react-focus-scope/-/react-focus-scope-1.1.7.tgz 2448ms (cache miss)
545 http fetch GET 200 https://registry.npmjs.org/lucide-react/-/lucide-react-0.544.0.tgz 7923ms (cache miss)
546 silly ADD node_modules/detect-node-es
547 silly ADD node_modules/get-nonce
548 silly ADD node_modules/use-sidecar
549 silly ADD node_modules/use-callback-ref
550 silly ADD node_modules/react-style-singleton
551 silly ADD node_modules/react-remove-scroll-bar
552 silly ADD node_modules/motion-utils
553 silly ADD node_modules/motion-dom
554 silly ADD node_modules/@radix-ui/react-use-effect-event
555 silly ADD node_modules/@radix-ui/react-roving-focus
556 silly ADD node_modules/@radix-ui/react-use-escape-keydown
557 silly ADD node_modules/@radix-ui/react-use-callback-ref
558 silly ADD node_modules/react-remove-scroll
559 silly ADD node_modules/aria-hidden
560 silly ADD node_modules/@radix-ui/react-portal
561 silly ADD node_modules/@radix-ui/react-focus-scope
562 silly ADD node_modules/@radix-ui/react-focus-guards
563 silly ADD node_modules/@radix-ui/react-dismissable-layer
564 silly ADD node_modules/@radix-ui/react-use-layout-effect
565 silly ADD node_modules/@radix-ui/react-presence
566 silly ADD node_modules/@radix-ui/react-use-controllable-state
567 silly ADD node_modules/@radix-ui/react-primitive
568 silly ADD node_modules/@radix-ui/react-id
569 silly ADD node_modules/@radix-ui/react-direction
570 silly ADD node_modules/@radix-ui/react-context
571 silly ADD node_modules/@radix-ui/react-compose-refs
572 silly ADD node_modules/@radix-ui/react-collection
573 silly ADD node_modules/@radix-ui/react-collapsible
574 silly ADD node_modules/@radix-ui/primitive
575 silly ADD node_modules/tailwindcss-animate
576 silly ADD node_modules/tailwind-merge
577 silly ADD node_modules/sonner
578 silly ADD node_modules/lucide-react
579 silly ADD node_modules/framer-motion
580 silly ADD node_modules/clsx
581 silly ADD node_modules/class-variance-authority
582 silly ADD node_modules/@radix-ui/react-tabs
583 silly ADD node_modules/@radix-ui/react-slot
584 silly ADD node_modules/@radix-ui/react-dialog
585 silly ADD node_modules/@radix-ui/react-accordion
586 silly ADD
587 silly ADD
588 silly ADD
589 silly ADD
590 silly ADD
591 silly ADD
592 silly ADD
593 silly ADD
594 silly ADD
595 silly ADD
596 silly ADD
597 silly ADD
598 silly ADD
599 silly ADD
600 silly ADD
601 silly ADD
602 silly ADD
603 silly ADD
604 silly ADD
605 silly ADD
606 silly ADD
607 silly ADD
608 silly ADD
609 silly ADD
610 silly ADD
611 silly ADD
612 silly ADD
613 silly ADD
614 silly ADD
615 silly ADD
616 silly ADD
617 silly ADD
618 silly ADD
619 silly ADD
620 silly ADD
621 silly ADD
622 silly ADD
623 silly ADD
624 silly ADD
625 silly ADD
626 silly ADD
627 silly ADD
628 silly ADD
629 silly ADD
630 silly ADD
631 silly ADD
632 silly ADD
633 silly ADD
634 silly ADD
635 silly ADD
636 silly ADD
637 silly ADD
638 silly ADD
639 silly ADD
640 silly ADD
641 silly ADD
642 silly ADD
643 silly ADD
644 silly ADD
645 silly ADD
646 silly ADD
647 silly ADD
648 silly ADD
649 silly ADD
650 silly ADD
651 verbose cwd /Users/juan_oclock/Documents/ios-mobile/kansyl-landing
652 verbose os Darwin 24.6.0
653 verbose node v22.17.0
654 verbose npm  v10.9.2
655 verbose exit 0
656 info ok
